[0.010s] Invoking command in '/home/chris/Workspaces/quadcopter_ws/build/tutorial_interfaces': CMAKE_PREFIX_PATH=${CMAKE_PREFIX_PATH}:/opt/ros/jazzy DEBUGINFOD_URLS=https://debuginfod.ubuntu.com /usr/bin/cmake /home/chris/Workspaces/quadcopter_ws/src/tutorial_interfaces -DCMAKE_INSTALL_PREFIX=/home/chris/Workspaces/quadcopter_ws/install/tutorial_interfaces
[0.021s] -- Found ament_cmake: 2.5.2 (/opt/ros/jazzy/share/ament_cmake/cmake)
[0.183s] -- Found rosidl_default_generators: 1.6.0 (/opt/ros/jazzy/share/rosidl_default_generators/cmake)
[0.185s] -- Using all available rosidl_typesupport_c: rosidl_typesupport_fastrtps_c;rosidl_typesupport_introspection_c
[0.215s] -- Using all available rosidl_typesupport_cpp: rosidl_typesupport_fastrtps_cpp;rosidl_typesupport_introspection_cpp
[0.237s] -- Found rosidl_adapter: 4.6.4 (/opt/ros/jazzy/share/rosidl_adapter/cmake)
[0.239s] -- Found geometry_msgs: 5.3.5 (/opt/ros/jazzy/share/geometry_msgs/cmake)
[0.787s] -- Found ament_cmake_ros: 0.12.0 (/opt/ros/jazzy/share/ament_cmake_ros/cmake)
[1.185s] -- Using all available rosidl_typesupport_c: rosidl_typesupport_fastrtps_c;rosidl_typesupport_introspection_c
[1.705s] -- Using all available rosidl_typesupport_cpp: rosidl_typesupport_fastrtps_cpp;rosidl_typesupport_introspection_cpp
[1.708s] -- Found python_cmake_module: 0.11.1 (/opt/ros/jazzy/share/python_cmake_module/cmake)
[1.815s] -- Found PythonExtra: /usr/bin/python3  
[2.189s] -- Found Python3: /usr/bin/python3 (found version "3.12.3") found components: Interpreter Development NumPy Development.Module Development.Embed 
[2.240s] -- Found ament_lint_auto: 0.17.1 (/opt/ros/jazzy/share/ament_lint_auto/cmake)
[2.263s] -- Added test 'lint_cmake' to check CMake code style
[2.265s] -- Added test 'xmllint' to check XML markup files
[2.268s] -- Configuring done (2.3s)
[2.305s] -- Generating done (0.0s)
[2.315s] -- Build files have been written to: /home/chris/Workspaces/quadcopter_ws/build/tutorial_interfaces
[2.322s] Invoked command in '/home/chris/Workspaces/quadcopter_ws/build/tutorial_interfaces' returned '0': CMAKE_PREFIX_PATH=${CMAKE_PREFIX_PATH}:/opt/ros/jazzy DEBUGINFOD_URLS=https://debuginfod.ubuntu.com /usr/bin/cmake /home/chris/Workspaces/quadcopter_ws/src/tutorial_interfaces -DCMAKE_INSTALL_PREFIX=/home/chris/Workspaces/quadcopter_ws/install/tutorial_interfaces
[2.323s] Invoking command in '/home/chris/Workspaces/quadcopter_ws/build/tutorial_interfaces': CMAKE_PREFIX_PATH=${CMAKE_PREFIX_PATH}:/opt/ros/jazzy DEBUGINFOD_URLS=https://debuginfod.ubuntu.com /usr/bin/cmake --build /home/chris/Workspaces/quadcopter_ws/build/tutorial_interfaces -- -j12 -l12
[2.367s] [  1%] [34m[1mGenerating type hashes for ROS interfaces[0m
[2.375s] [  1%] Built target ament_cmake_python_copy_tutorial_interfaces
[2.537s] [  1%] Built target tutorial_interfaces__rosidl_generator_type_description
[2.547s] [  3%] [34m[1mGenerating C code for ROS interfaces[0m
[2.555s] running egg_info
[2.555s] creating tutorial_interfaces.egg-info
[2.556s] [  5%] [34m[1mGenerating C++ code for ROS interfaces[0m
[2.573s] writing tutorial_interfaces.egg-info/PKG-INFO
[2.573s] writing dependency_links to tutorial_interfaces.egg-info/dependency_links.txt
[2.573s] writing top-level names to tutorial_interfaces.egg-info/top_level.txt
[2.573s] writing manifest file 'tutorial_interfaces.egg-info/SOURCES.txt'
[2.626s] reading manifest file 'tutorial_interfaces.egg-info/SOURCES.txt'
[2.626s] writing manifest file 'tutorial_interfaces.egg-info/SOURCES.txt'
[2.648s] [  5%] Built target ament_cmake_python_build_tutorial_interfaces_egg
[2.818s] [  5%] Built target tutorial_interfaces__cpp
[2.860s] [ 11%] [32mBuilding C object CMakeFiles/tutorial_interfaces__rosidl_generator_c.dir/rosidl_generator_c/tutorial_interfaces/msg/detail/num__functions.c.o[0m
[2.860s] [ 11%] [32mBuilding C object CMakeFiles/tutorial_interfaces__rosidl_generator_c.dir/rosidl_generator_c/tutorial_interfaces/srv/detail/add_three_ints__description.c.o[0m
[2.860s] [ 11%] [32mBuilding C object CMakeFiles/tutorial_interfaces__rosidl_generator_c.dir/rosidl_generator_c/tutorial_interfaces/srv/detail/add_three_ints__type_support.c.o[0m
[2.860s] [ 14%] [32mBuilding C object CMakeFiles/tutorial_interfaces__rosidl_generator_c.dir/rosidl_generator_c/tutorial_interfaces/msg/detail/num__description.c.o[0m
[2.860s] [ 14%] [32mBuilding C object CMakeFiles/tutorial_interfaces__rosidl_generator_c.dir/rosidl_generator_c/tutorial_interfaces/msg/detail/num__type_support.c.o[0m
[2.860s] [ 18%] [32mBuilding C object CMakeFiles/tutorial_interfaces__rosidl_generator_c.dir/rosidl_generator_c/tutorial_interfaces/msg/detail/sphere__description.c.o[0m
[2.860s] [ 18%] [32mBuilding C object CMakeFiles/tutorial_interfaces__rosidl_generator_c.dir/rosidl_generator_c/tutorial_interfaces/msg/detail/sphere__functions.c.o[0m
[2.860s] [ 20%] [32mBuilding C object CMakeFiles/tutorial_interfaces__rosidl_generator_c.dir/rosidl_generator_c/tutorial_interfaces/msg/detail/sphere__type_support.c.o[0m
[2.861s] [ 22%] [32mBuilding C object CMakeFiles/tutorial_interfaces__rosidl_generator_c.dir/rosidl_generator_c/tutorial_interfaces/srv/detail/add_three_ints__functions.c.o[0m
[2.928s] [ 24%] [32m[1mLinking C shared library libtutorial_interfaces__rosidl_generator_c.so[0m
[2.963s] [ 24%] Built target tutorial_interfaces__rosidl_generator_c
[2.973s] [ 35%] [34m[1mGenerating C++ introspection for ROS interfaces[0m
[2.973s] [ 35%] [34m[1mGenerating C++ type support for eProsima Fast-RTPS[0m
[2.974s] [ 35%] [34m[1mGenerating C type support for eProsima Fast-RTPS[0m
[2.974s] [ 35%] [34m[1mGenerating C type support dispatch for ROS interfaces[0m
[2.974s] [ 35%] [34m[1mGenerating C++ type support dispatch for ROS interfaces[0m
[2.974s] [ 35%] [34m[1mGenerating C introspection for ROS interfaces[0m
[3.198s] [ 40%] [32mBuilding CXX object CMakeFiles/tutorial_interfaces__rosidl_typesupport_c.dir/rosidl_typesupport_c/tutorial_interfaces/msg/num__type_support.cpp.o[0m
[3.198s] [ 40%] [32mBuilding CXX object CMakeFiles/tutorial_interfaces__rosidl_typesupport_c.dir/rosidl_typesupport_c/tutorial_interfaces/msg/sphere__type_support.cpp.o[0m
[3.199s] [ 40%] [32mBuilding CXX object CMakeFiles/tutorial_interfaces__rosidl_typesupport_c.dir/rosidl_typesupport_c/tutorial_interfaces/srv/add_three_ints__type_support.cpp.o[0m
[3.202s] [ 44%] [32mBuilding CXX object CMakeFiles/tutorial_interfaces__rosidl_typesupport_cpp.dir/rosidl_typesupport_cpp/tutorial_interfaces/msg/num__type_support.cpp.o[0m
[3.202s] [ 44%] [32mBuilding CXX object CMakeFiles/tutorial_interfaces__rosidl_typesupport_cpp.dir/rosidl_typesupport_cpp/tutorial_interfaces/msg/sphere__type_support.cpp.o[0m
[3.202s] [ 46%] [32mBuilding CXX object CMakeFiles/tutorial_interfaces__rosidl_typesupport_cpp.dir/rosidl_typesupport_cpp/tutorial_interfaces/srv/add_three_ints__type_support.cpp.o[0m
[3.240s] [ 48%] [32mBuilding CXX object CMakeFiles/tutorial_interfaces__rosidl_typesupport_introspection_cpp.dir/rosidl_typesupport_introspection_cpp/tutorial_interfaces/msg/detail/num__type_support.cpp.o[0m
[3.244s] [ 51%] [32mBuilding CXX object CMakeFiles/tutorial_interfaces__rosidl_typesupport_introspection_cpp.dir/rosidl_typesupport_introspection_cpp/tutorial_interfaces/msg/detail/sphere__type_support.cpp.o[0m
[3.244s] [ 51%] [32mBuilding CXX object CMakeFiles/tutorial_interfaces__rosidl_typesupport_introspection_cpp.dir/rosidl_typesupport_introspection_cpp/tutorial_interfaces/srv/detail/add_three_ints__type_support.cpp.o[0m
[3.254s] [ 53%] [32mBuilding C object CMakeFiles/tutorial_interfaces__rosidl_typesupport_introspection_c.dir/rosidl_typesupport_introspection_c/tutorial_interfaces/msg/detail/sphere__type_support.c.o[0m
[3.255s] [ 55%] [32mBuilding C object CMakeFiles/tutorial_interfaces__rosidl_typesupport_introspection_c.dir/rosidl_typesupport_introspection_c/tutorial_interfaces/msg/detail/num__type_support.c.o[0m
[3.255s] [ 57%] [32mBuilding C object CMakeFiles/tutorial_interfaces__rosidl_typesupport_introspection_c.dir/rosidl_typesupport_introspection_c/tutorial_interfaces/srv/detail/add_three_ints__type_support.c.o[0m
[3.264s] [ 59%] [32m[1mLinking CXX shared library libtutorial_interfaces__rosidl_typesupport_c.so[0m
[3.316s] [ 61%] [32m[1mLinking C shared library libtutorial_interfaces__rosidl_typesupport_introspection_c.so[0m
[3.324s] [ 61%] Built target tutorial_interfaces__rosidl_typesupport_c
[3.346s] [ 66%] [32mBuilding CXX object CMakeFiles/tutorial_interfaces__rosidl_typesupport_fastrtps_cpp.dir/rosidl_typesupport_fastrtps_cpp/tutorial_interfaces/srv/detail/dds_fastrtps/add_three_ints__type_support.cpp.o[0m
[3.346s] [ 66%] [32mBuilding CXX object CMakeFiles/tutorial_interfaces__rosidl_typesupport_fastrtps_cpp.dir/rosidl_typesupport_fastrtps_cpp/tutorial_interfaces/msg/detail/dds_fastrtps/num__type_support.cpp.o[0m
[3.346s] [ 66%] [32mBuilding CXX object CMakeFiles/tutorial_interfaces__rosidl_typesupport_fastrtps_c.dir/rosidl_typesupport_fastrtps_c/tutorial_interfaces/msg/detail/num__type_support_c.cpp.o[0m
[3.346s] [ 68%] [32mBuilding CXX object CMakeFiles/tutorial_interfaces__rosidl_typesupport_fastrtps_c.dir/rosidl_typesupport_fastrtps_c/tutorial_interfaces/msg/detail/sphere__type_support_c.cpp.o[0m
[3.346s] [ 70%] [32mBuilding CXX object CMakeFiles/tutorial_interfaces__rosidl_typesupport_fastrtps_cpp.dir/rosidl_typesupport_fastrtps_cpp/tutorial_interfaces/msg/detail/dds_fastrtps/sphere__type_support.cpp.o[0m
[3.365s] [ 70%] Built target tutorial_interfaces__rosidl_typesupport_introspection_c
[3.378s] [ 72%] [32mBuilding CXX object CMakeFiles/tutorial_interfaces__rosidl_typesupport_fastrtps_c.dir/rosidl_typesupport_fastrtps_c/tutorial_interfaces/srv/detail/add_three_ints__type_support_c.cpp.o[0m
[3.679s] [ 74%] [32m[1mLinking CXX shared library libtutorial_interfaces__rosidl_typesupport_cpp.so[0m
[3.750s] [ 75%] [32m[1mLinking CXX shared library libtutorial_interfaces__rosidl_typesupport_introspection_cpp.so[0m
[3.799s] [ 75%] Built target tutorial_interfaces__rosidl_typesupport_cpp
[3.855s] [ 75%] Built target tutorial_interfaces__rosidl_typesupport_introspection_cpp
[3.916s] [ 77%] [32m[1mLinking CXX shared library libtutorial_interfaces__rosidl_typesupport_fastrtps_c.so[0m
[3.935s] [ 79%] [32m[1mLinking CXX shared library libtutorial_interfaces__rosidl_typesupport_fastrtps_cpp.so[0m
[3.962s] [ 79%] Built target tutorial_interfaces__rosidl_typesupport_fastrtps_c
[4.000s] [ 79%] Built target tutorial_interfaces__rosidl_typesupport_fastrtps_cpp
[4.019s] [ 79%] Built target tutorial_interfaces
[4.039s] [ 81%] [34m[1mGenerating Python code for ROS interfaces[0m
[4.375s] [ 81%] Built target tutorial_interfaces__py
[4.394s] [ 87%] [32mBuilding C object CMakeFiles/tutorial_interfaces__rosidl_generator_py.dir/rosidl_generator_py/tutorial_interfaces/srv/_add_three_ints_s.c.o[0m
[4.394s] [ 87%] [32mBuilding C object CMakeFiles/tutorial_interfaces__rosidl_generator_py.dir/rosidl_generator_py/tutorial_interfaces/msg/_num_s.c.o[0m
[4.394s] [ 87%] [32mBuilding C object CMakeFiles/tutorial_interfaces__rosidl_generator_py.dir/rosidl_generator_py/tutorial_interfaces/msg/_sphere_s.c.o[0m
[4.532s] [ 88%] [32m[1mLinking C shared library libtutorial_interfaces__rosidl_generator_py.so[0m
[4.573s] [ 88%] Built target tutorial_interfaces__rosidl_generator_py
[4.591s] [ 94%] [32mBuilding C object CMakeFiles/tutorial_interfaces_s__rosidl_typesupport_c.dir/rosidl_generator_py/tutorial_interfaces/_tutorial_interfaces_s.ep.rosidl_typesupport_c.c.o[0m
[4.592s] [ 94%] [32mBuilding C object CMakeFiles/tutorial_interfaces_s__rosidl_typesupport_fastrtps_c.dir/rosidl_generator_py/tutorial_interfaces/_tutorial_interfaces_s.ep.rosidl_typesupport_fastrtps_c.c.o[0m
[4.592s] [ 94%] [32mBuilding C object CMakeFiles/tutorial_interfaces_s__rosidl_typesupport_introspection_c.dir/rosidl_generator_py/tutorial_interfaces/_tutorial_interfaces_s.ep.rosidl_typesupport_introspection_c.c.o[0m
[4.684s] [ 98%] [32m[1mLinking C shared module rosidl_generator_py/tutorial_interfaces/tutorial_interfaces_s__rosidl_typesupport_introspection_c.so[0m
[4.684s] [ 98%] [32m[1mLinking C shared module rosidl_generator_py/tutorial_interfaces/tutorial_interfaces_s__rosidl_typesupport_c.so[0m
[4.688s] [100%] [32m[1mLinking C shared module rosidl_generator_py/tutorial_interfaces/tutorial_interfaces_s__rosidl_typesupport_fastrtps_c.so[0m
[4.712s] [100%] Built target tutorial_interfaces_s__rosidl_typesupport_introspection_c
[4.712s] [100%] Built target tutorial_interfaces_s__rosidl_typesupport_c
[4.718s] [100%] Built target tutorial_interfaces_s__rosidl_typesupport_fastrtps_c
[4.730s] Invoked command in '/home/chris/Workspaces/quadcopter_ws/build/tutorial_interfaces' returned '0': CMAKE_PREFIX_PATH=${CMAKE_PREFIX_PATH}:/opt/ros/jazzy DEBUGINFOD_URLS=https://debuginfod.ubuntu.com /usr/bin/cmake --build /home/chris/Workspaces/quadcopter_ws/build/tutorial_interfaces -- -j12 -l12
[4.740s] Invoking command in '/home/chris/Workspaces/quadcopter_ws/build/tutorial_interfaces': CMAKE_PREFIX_PATH=${CMAKE_PREFIX_PATH}:/opt/ros/jazzy DEBUGINFOD_URLS=https://debuginfod.ubuntu.com /usr/bin/cmake --install /home/chris/Workspaces/quadcopter_ws/build/tutorial_interfaces
[4.747s] -- Install configuration: ""
[4.747s] -- Installing: /home/chris/Workspaces/quadcopter_ws/install/tutorial_interfaces/share/ament_index/resource_index/rosidl_interfaces/tutorial_interfaces
[4.747s] -- Installing: /home/chris/Workspaces/quadcopter_ws/install/tutorial_interfaces/share/tutorial_interfaces/msg/Num.json
[4.748s] -- Installing: /home/chris/Workspaces/quadcopter_ws/install/tutorial_interfaces/share/tutorial_interfaces/msg/Sphere.json
[4.748s] -- Installing: /home/chris/Workspaces/quadcopter_ws/install/tutorial_interfaces/share/tutorial_interfaces/srv/AddThreeInts.json
[4.748s] -- Installing: /home/chris/Workspaces/quadcopter_ws/install/tutorial_interfaces/include/tutorial_interfaces/tutorial_interfaces
[4.748s] -- Installing: /home/chris/Workspaces/quadcopter_ws/install/tutorial_interfaces/include/tutorial_interfaces/tutorial_interfaces/srv
[4.748s] -- Installing: /home/chris/Workspaces/quadcopter_ws/install/tutorial_interfaces/include/tutorial_interfaces/tutorial_interfaces/srv/add_three_ints.h
[4.748s] -- Installing: /home/chris/Workspaces/quadcopter_ws/install/tutorial_interfaces/include/tutorial_interfaces/tutorial_interfaces/srv/detail
[4.748s] -- Installing: /home/chris/Workspaces/quadcopter_ws/install/tutorial_interfaces/include/tutorial_interfaces/tutorial_interfaces/srv/detail/add_three_ints__description.c
[4.749s] -- Installing: /home/chris/Workspaces/quadcopter_ws/install/tutorial_interfaces/include/tutorial_interfaces/tutorial_interfaces/srv/detail/add_three_ints__functions.h
[4.749s] -- Installing: /home/chris/Workspaces/quadcopter_ws/install/tutorial_interfaces/include/tutorial_interfaces/tutorial_interfaces/srv/detail/add_three_ints__functions.c
[4.749s] -- Installing: /home/chris/Workspaces/quadcopter_ws/install/tutorial_interfaces/include/tutorial_interfaces/tutorial_interfaces/srv/detail/add_three_ints__struct.h
[4.749s] -- Installing: /home/chris/Workspaces/quadcopter_ws/install/tutorial_interfaces/include/tutorial_interfaces/tutorial_interfaces/srv/detail/add_three_ints__type_support.c
[4.749s] -- Installing: /home/chris/Workspaces/quadcopter_ws/install/tutorial_interfaces/include/tutorial_interfaces/tutorial_interfaces/srv/detail/add_three_ints__type_support.h
[4.749s] -- Installing: /home/chris/Workspaces/quadcopter_ws/install/tutorial_interfaces/include/tutorial_interfaces/tutorial_interfaces/msg
[4.749s] -- Installing: /home/chris/Workspaces/quadcopter_ws/install/tutorial_interfaces/include/tutorial_interfaces/tutorial_interfaces/msg/detail
[4.749s] -- Installing: /home/chris/Workspaces/quadcopter_ws/install/tutorial_interfaces/include/tutorial_interfaces/tutorial_interfaces/msg/detail/sphere__description.c
[4.750s] -- Installing: /home/chris/Workspaces/quadcopter_ws/install/tutorial_interfaces/include/tutorial_interfaces/tutorial_interfaces/msg/detail/num__functions.h
[4.750s] -- Installing: /home/chris/Workspaces/quadcopter_ws/install/tutorial_interfaces/include/tutorial_interfaces/tutorial_interfaces/msg/detail/sphere__functions.h
[4.750s] -- Installing: /home/chris/Workspaces/quadcopter_ws/install/tutorial_interfaces/include/tutorial_interfaces/tutorial_interfaces/msg/detail/num__type_support.c
[4.750s] -- Installing: /home/chris/Workspaces/quadcopter_ws/install/tutorial_interfaces/include/tutorial_interfaces/tutorial_interfaces/msg/detail/num__type_support.h
[4.750s] -- Installing: /home/chris/Workspaces/quadcopter_ws/install/tutorial_interfaces/include/tutorial_interfaces/tutorial_interfaces/msg/detail/num__functions.c
[4.750s] -- Installing: /home/chris/Workspaces/quadcopter_ws/install/tutorial_interfaces/include/tutorial_interfaces/tutorial_interfaces/msg/detail/sphere__type_support.h
[4.750s] -- Installing: /home/chris/Workspaces/quadcopter_ws/install/tutorial_interfaces/include/tutorial_interfaces/tutorial_interfaces/msg/detail/sphere__functions.c
[4.751s] -- Installing: /home/chris/Workspaces/quadcopter_ws/install/tutorial_interfaces/include/tutorial_interfaces/tutorial_interfaces/msg/detail/num__description.c
[4.751s] -- Installing: /home/chris/Workspaces/quadcopter_ws/install/tutorial_interfaces/include/tutorial_interfaces/tutorial_interfaces/msg/detail/num__struct.h
[4.751s] -- Installing: /home/chris/Workspaces/quadcopter_ws/install/tutorial_interfaces/include/tutorial_interfaces/tutorial_interfaces/msg/detail/sphere__struct.h
[4.751s] -- Installing: /home/chris/Workspaces/quadcopter_ws/install/tutorial_interfaces/include/tutorial_interfaces/tutorial_interfaces/msg/detail/sphere__type_support.c
[4.751s] -- Installing: /home/chris/Workspaces/quadcopter_ws/install/tutorial_interfaces/include/tutorial_interfaces/tutorial_interfaces/msg/rosidl_generator_c__visibility_control.h
[4.751s] -- Installing: /home/chris/Workspaces/quadcopter_ws/install/tutorial_interfaces/include/tutorial_interfaces/tutorial_interfaces/msg/sphere.h
[4.751s] -- Installing: /home/chris/Workspaces/quadcopter_ws/install/tutorial_interfaces/include/tutorial_interfaces/tutorial_interfaces/msg/num.h
[4.752s] -- Installing: /home/chris/Workspaces/quadcopter_ws/install/tutorial_interfaces/share/tutorial_interfaces/environment/library_path.sh
[4.752s] -- Installing: /home/chris/Workspaces/quadcopter_ws/install/tutorial_interfaces/share/tutorial_interfaces/environment/library_path.dsv
[4.752s] -- Installing: /home/chris/Workspaces/quadcopter_ws/install/tutorial_interfaces/lib/libtutorial_interfaces__rosidl_generator_c.so
[4.752s] -- Set non-toolchain portion of runtime path of "/home/chris/Workspaces/quadcopter_ws/install/tutorial_interfaces/lib/libtutorial_interfaces__rosidl_generator_c.so" to ""
[4.752s] -- Up-to-date: /home/chris/Workspaces/quadcopter_ws/install/tutorial_interfaces/include/tutorial_interfaces/tutorial_interfaces
[4.752s] -- Up-to-date: /home/chris/Workspaces/quadcopter_ws/install/tutorial_interfaces/include/tutorial_interfaces/tutorial_interfaces/srv
[4.752s] -- Up-to-date: /home/chris/Workspaces/quadcopter_ws/install/tutorial_interfaces/include/tutorial_interfaces/tutorial_interfaces/srv/detail
[4.753s] -- Installing: /home/chris/Workspaces/quadcopter_ws/install/tutorial_interfaces/include/tutorial_interfaces/tutorial_interfaces/srv/detail/add_three_ints__rosidl_typesupport_fastrtps_c.h
[4.753s] -- Up-to-date: /home/chris/Workspaces/quadcopter_ws/install/tutorial_interfaces/include/tutorial_interfaces/tutorial_interfaces/msg
[4.753s] -- Installing: /home/chris/Workspaces/quadcopter_ws/install/tutorial_interfaces/include/tutorial_interfaces/tutorial_interfaces/msg/rosidl_typesupport_fastrtps_c__visibility_control.h
[4.753s] -- Up-to-date: /home/chris/Workspaces/quadcopter_ws/install/tutorial_interfaces/include/tutorial_interfaces/tutorial_interfaces/msg/detail
[4.753s] -- Installing: /home/chris/Workspaces/quadcopter_ws/install/tutorial_interfaces/include/tutorial_interfaces/tutorial_interfaces/msg/detail/num__rosidl_typesupport_fastrtps_c.h
[4.753s] -- Installing: /home/chris/Workspaces/quadcopter_ws/install/tutorial_interfaces/include/tutorial_interfaces/tutorial_interfaces/msg/detail/sphere__rosidl_typesupport_fastrtps_c.h
[4.753s] -- Installing: /home/chris/Workspaces/quadcopter_ws/install/tutorial_interfaces/lib/libtutorial_interfaces__rosidl_typesupport_fastrtps_c.so
[4.754s] -- Set non-toolchain portion of runtime path of "/home/chris/Workspaces/quadcopter_ws/install/tutorial_interfaces/lib/libtutorial_interfaces__rosidl_typesupport_fastrtps_c.so" to ""
[4.754s] -- Up-to-date: /home/chris/Workspaces/quadcopter_ws/install/tutorial_interfaces/include/tutorial_interfaces/tutorial_interfaces
[4.754s] -- Up-to-date: /home/chris/Workspaces/quadcopter_ws/install/tutorial_interfaces/include/tutorial_interfaces/tutorial_interfaces/srv
[4.754s] -- Up-to-date: /home/chris/Workspaces/quadcopter_ws/install/tutorial_interfaces/include/tutorial_interfaces/tutorial_interfaces/srv/detail
[4.754s] -- Installing: /home/chris/Workspaces/quadcopter_ws/install/tutorial_interfaces/include/tutorial_interfaces/tutorial_interfaces/srv/detail/add_three_ints__rosidl_typesupport_introspection_c.h
[4.754s] -- Installing: /home/chris/Workspaces/quadcopter_ws/install/tutorial_interfaces/include/tutorial_interfaces/tutorial_interfaces/srv/detail/add_three_ints__type_support.c
[4.754s] -- Up-to-date: /home/chris/Workspaces/quadcopter_ws/install/tutorial_interfaces/include/tutorial_interfaces/tutorial_interfaces/msg
[4.754s] -- Up-to-date: /home/chris/Workspaces/quadcopter_ws/install/tutorial_interfaces/include/tutorial_interfaces/tutorial_interfaces/msg/detail
[4.754s] -- Installing: /home/chris/Workspaces/quadcopter_ws/install/tutorial_interfaces/include/tutorial_interfaces/tutorial_interfaces/msg/detail/num__type_support.c
[4.754s] -- Installing: /home/chris/Workspaces/quadcopter_ws/install/tutorial_interfaces/include/tutorial_interfaces/tutorial_interfaces/msg/detail/sphere__rosidl_typesupport_introspection_c.h
[4.754s] -- Installing: /home/chris/Workspaces/quadcopter_ws/install/tutorial_interfaces/include/tutorial_interfaces/tutorial_interfaces/msg/detail/num__rosidl_typesupport_introspection_c.h
[4.755s] -- Installing: /home/chris/Workspaces/quadcopter_ws/install/tutorial_interfaces/include/tutorial_interfaces/tutorial_interfaces/msg/detail/sphere__type_support.c
[4.755s] -- Installing: /home/chris/Workspaces/quadcopter_ws/install/tutorial_interfaces/include/tutorial_interfaces/tutorial_interfaces/msg/rosidl_typesupport_introspection_c__visibility_control.h
[4.755s] -- Installing: /home/chris/Workspaces/quadcopter_ws/install/tutorial_interfaces/lib/libtutorial_interfaces__rosidl_typesupport_introspection_c.so
[4.755s] -- Set non-toolchain portion of runtime path of "/home/chris/Workspaces/quadcopter_ws/install/tutorial_interfaces/lib/libtutorial_interfaces__rosidl_typesupport_introspection_c.so" to ""
[4.755s] -- Installing: /home/chris/Workspaces/quadcopter_ws/install/tutorial_interfaces/lib/libtutorial_interfaces__rosidl_typesupport_c.so
[4.756s] -- Set non-toolchain portion of runtime path of "/home/chris/Workspaces/quadcopter_ws/install/tutorial_interfaces/lib/libtutorial_interfaces__rosidl_typesupport_c.so" to ""
[4.756s] -- Up-to-date: /home/chris/Workspaces/quadcopter_ws/install/tutorial_interfaces/include/tutorial_interfaces/tutorial_interfaces
[4.756s] -- Up-to-date: /home/chris/Workspaces/quadcopter_ws/install/tutorial_interfaces/include/tutorial_interfaces/tutorial_interfaces/srv
[4.756s] -- Up-to-date: /home/chris/Workspaces/quadcopter_ws/install/tutorial_interfaces/include/tutorial_interfaces/tutorial_interfaces/srv/detail
[4.756s] -- Installing: /home/chris/Workspaces/quadcopter_ws/install/tutorial_interfaces/include/tutorial_interfaces/tutorial_interfaces/srv/detail/add_three_ints__builder.hpp
[4.756s] -- Installing: /home/chris/Workspaces/quadcopter_ws/install/tutorial_interfaces/include/tutorial_interfaces/tutorial_interfaces/srv/detail/add_three_ints__type_support.hpp
[4.756s] -- Installing: /home/chris/Workspaces/quadcopter_ws/install/tutorial_interfaces/include/tutorial_interfaces/tutorial_interfaces/srv/detail/add_three_ints__traits.hpp
[4.756s] -- Installing: /home/chris/Workspaces/quadcopter_ws/install/tutorial_interfaces/include/tutorial_interfaces/tutorial_interfaces/srv/detail/add_three_ints__struct.hpp
[4.756s] -- Installing: /home/chris/Workspaces/quadcopter_ws/install/tutorial_interfaces/include/tutorial_interfaces/tutorial_interfaces/srv/add_three_ints.hpp
[4.757s] -- Up-to-date: /home/chris/Workspaces/quadcopter_ws/install/tutorial_interfaces/include/tutorial_interfaces/tutorial_interfaces/msg
[4.757s] -- Up-to-date: /home/chris/Workspaces/quadcopter_ws/install/tutorial_interfaces/include/tutorial_interfaces/tutorial_interfaces/msg/detail
[4.757s] -- Installing: /home/chris/Workspaces/quadcopter_ws/install/tutorial_interfaces/include/tutorial_interfaces/tutorial_interfaces/msg/detail/sphere__traits.hpp
[4.757s] -- Installing: /home/chris/Workspaces/quadcopter_ws/install/tutorial_interfaces/include/tutorial_interfaces/tutorial_interfaces/msg/detail/sphere__type_support.hpp
[4.757s] -- Installing: /home/chris/Workspaces/quadcopter_ws/install/tutorial_interfaces/include/tutorial_interfaces/tutorial_interfaces/msg/detail/num__type_support.hpp
[4.757s] -- Installing: /home/chris/Workspaces/quadcopter_ws/install/tutorial_interfaces/include/tutorial_interfaces/tutorial_interfaces/msg/detail/num__builder.hpp
[4.757s] -- Installing: /home/chris/Workspaces/quadcopter_ws/install/tutorial_interfaces/include/tutorial_interfaces/tutorial_interfaces/msg/detail/sphere__struct.hpp
[4.757s] -- Installing: /home/chris/Workspaces/quadcopter_ws/install/tutorial_interfaces/include/tutorial_interfaces/tutorial_interfaces/msg/detail/num__traits.hpp
[4.758s] -- Installing: /home/chris/Workspaces/quadcopter_ws/install/tutorial_interfaces/include/tutorial_interfaces/tutorial_interfaces/msg/detail/sphere__builder.hpp
[4.758s] -- Installing: /home/chris/Workspaces/quadcopter_ws/install/tutorial_interfaces/include/tutorial_interfaces/tutorial_interfaces/msg/detail/num__struct.hpp
[4.758s] -- Installing: /home/chris/Workspaces/quadcopter_ws/install/tutorial_interfaces/include/tutorial_interfaces/tutorial_interfaces/msg/rosidl_generator_cpp__visibility_control.hpp
[4.758s] -- Installing: /home/chris/Workspaces/quadcopter_ws/install/tutorial_interfaces/include/tutorial_interfaces/tutorial_interfaces/msg/num.hpp
[4.758s] -- Installing: /home/chris/Workspaces/quadcopter_ws/install/tutorial_interfaces/include/tutorial_interfaces/tutorial_interfaces/msg/sphere.hpp
[4.758s] -- Up-to-date: /home/chris/Workspaces/quadcopter_ws/install/tutorial_interfaces/include/tutorial_interfaces/tutorial_interfaces
[4.758s] -- Up-to-date: /home/chris/Workspaces/quadcopter_ws/install/tutorial_interfaces/include/tutorial_interfaces/tutorial_interfaces/srv
[4.758s] -- Up-to-date: /home/chris/Workspaces/quadcopter_ws/install/tutorial_interfaces/include/tutorial_interfaces/tutorial_interfaces/srv/detail
[4.758s] -- Installing: /home/chris/Workspaces/quadcopter_ws/install/tutorial_interfaces/include/tutorial_interfaces/tutorial_interfaces/srv/detail/dds_fastrtps
[4.759s] -- Installing: /home/chris/Workspaces/quadcopter_ws/install/tutorial_interfaces/include/tutorial_interfaces/tutorial_interfaces/srv/detail/add_three_ints__rosidl_typesupport_fastrtps_cpp.hpp
[4.759s] -- Up-to-date: /home/chris/Workspaces/quadcopter_ws/install/tutorial_interfaces/include/tutorial_interfaces/tutorial_interfaces/msg
[4.759s] -- Installing: /home/chris/Workspaces/quadcopter_ws/install/tutorial_interfaces/include/tutorial_interfaces/tutorial_interfaces/msg/rosidl_typesupport_fastrtps_cpp__visibility_control.h
[4.759s] -- Up-to-date: /home/chris/Workspaces/quadcopter_ws/install/tutorial_interfaces/include/tutorial_interfaces/tutorial_interfaces/msg/detail
[4.759s] -- Installing: /home/chris/Workspaces/quadcopter_ws/install/tutorial_interfaces/include/tutorial_interfaces/tutorial_interfaces/msg/detail/sphere__rosidl_typesupport_fastrtps_cpp.hpp
[4.759s] -- Installing: /home/chris/Workspaces/quadcopter_ws/install/tutorial_interfaces/include/tutorial_interfaces/tutorial_interfaces/msg/detail/dds_fastrtps
[4.759s] -- Installing: /home/chris/Workspaces/quadcopter_ws/install/tutorial_interfaces/include/tutorial_interfaces/tutorial_interfaces/msg/detail/num__rosidl_typesupport_fastrtps_cpp.hpp
[4.759s] -- Installing: /home/chris/Workspaces/quadcopter_ws/install/tutorial_interfaces/lib/libtutorial_interfaces__rosidl_typesupport_fastrtps_cpp.so
[4.760s] -- Set non-toolchain portion of runtime path of "/home/chris/Workspaces/quadcopter_ws/install/tutorial_interfaces/lib/libtutorial_interfaces__rosidl_typesupport_fastrtps_cpp.so" to ""
[4.760s] -- Up-to-date: /home/chris/Workspaces/quadcopter_ws/install/tutorial_interfaces/include/tutorial_interfaces/tutorial_interfaces
[4.760s] -- Up-to-date: /home/chris/Workspaces/quadcopter_ws/install/tutorial_interfaces/include/tutorial_interfaces/tutorial_interfaces/srv
[4.760s] -- Up-to-date: /home/chris/Workspaces/quadcopter_ws/install/tutorial_interfaces/include/tutorial_interfaces/tutorial_interfaces/srv/detail
[4.760s] -- Installing: /home/chris/Workspaces/quadcopter_ws/install/tutorial_interfaces/include/tutorial_interfaces/tutorial_interfaces/srv/detail/add_three_ints__rosidl_typesupport_introspection_cpp.hpp
[4.760s] -- Installing: /home/chris/Workspaces/quadcopter_ws/install/tutorial_interfaces/include/tutorial_interfaces/tutorial_interfaces/srv/detail/add_three_ints__type_support.cpp
[4.760s] -- Up-to-date: /home/chris/Workspaces/quadcopter_ws/install/tutorial_interfaces/include/tutorial_interfaces/tutorial_interfaces/msg
[4.760s] -- Up-to-date: /home/chris/Workspaces/quadcopter_ws/install/tutorial_interfaces/include/tutorial_interfaces/tutorial_interfaces/msg/detail
[4.760s] -- Installing: /home/chris/Workspaces/quadcopter_ws/install/tutorial_interfaces/include/tutorial_interfaces/tutorial_interfaces/msg/detail/num__type_support.cpp
[4.761s] -- Installing: /home/chris/Workspaces/quadcopter_ws/install/tutorial_interfaces/include/tutorial_interfaces/tutorial_interfaces/msg/detail/sphere__rosidl_typesupport_introspection_cpp.hpp
[4.761s] -- Installing: /home/chris/Workspaces/quadcopter_ws/install/tutorial_interfaces/include/tutorial_interfaces/tutorial_interfaces/msg/detail/sphere__type_support.cpp
[4.761s] -- Installing: /home/chris/Workspaces/quadcopter_ws/install/tutorial_interfaces/include/tutorial_interfaces/tutorial_interfaces/msg/detail/num__rosidl_typesupport_introspection_cpp.hpp
[4.761s] -- Installing: /home/chris/Workspaces/quadcopter_ws/install/tutorial_interfaces/lib/libtutorial_interfaces__rosidl_typesupport_introspection_cpp.so
[4.761s] -- Set non-toolchain portion of runtime path of "/home/chris/Workspaces/quadcopter_ws/install/tutorial_interfaces/lib/libtutorial_interfaces__rosidl_typesupport_introspection_cpp.so" to ""
[4.762s] -- Installing: /home/chris/Workspaces/quadcopter_ws/install/tutorial_interfaces/lib/libtutorial_interfaces__rosidl_typesupport_cpp.so
[4.762s] -- Set non-toolchain portion of runtime path of "/home/chris/Workspaces/quadcopter_ws/install/tutorial_interfaces/lib/libtutorial_interfaces__rosidl_typesupport_cpp.so" to ""
[4.762s] -- Installing: /home/chris/Workspaces/quadcopter_ws/install/tutorial_interfaces/share/tutorial_interfaces/environment/pythonpath.sh
[4.762s] -- Installing: /home/chris/Workspaces/quadcopter_ws/install/tutorial_interfaces/share/tutorial_interfaces/environment/pythonpath.dsv
[4.762s] -- Installing: /home/chris/Workspaces/quadcopter_ws/install/tutorial_interfaces/lib/python3.12/site-packages/tutorial_interfaces-0.0.0-py3.12.egg-info
[4.763s] -- Installing: /home/chris/Workspaces/quadcopter_ws/install/tutorial_interfaces/lib/python3.12/site-packages/tutorial_interfaces-0.0.0-py3.12.egg-info/PKG-INFO
[4.763s] -- Installing: /home/chris/Workspaces/quadcopter_ws/install/tutorial_interfaces/lib/python3.12/site-packages/tutorial_interfaces-0.0.0-py3.12.egg-info/SOURCES.txt
[4.763s] -- Installing: /home/chris/Workspaces/quadcopter_ws/install/tutorial_interfaces/lib/python3.12/site-packages/tutorial_interfaces-0.0.0-py3.12.egg-info/top_level.txt
[4.763s] -- Installing: /home/chris/Workspaces/quadcopter_ws/install/tutorial_interfaces/lib/python3.12/site-packages/tutorial_interfaces-0.0.0-py3.12.egg-info/dependency_links.txt
[4.763s] -- Installing: /home/chris/Workspaces/quadcopter_ws/install/tutorial_interfaces/lib/python3.12/site-packages/tutorial_interfaces
[4.763s] -- Installing: /home/chris/Workspaces/quadcopter_ws/install/tutorial_interfaces/lib/python3.12/site-packages/tutorial_interfaces/__init__.py
[4.763s] -- Installing: /home/chris/Workspaces/quadcopter_ws/install/tutorial_interfaces/lib/python3.12/site-packages/tutorial_interfaces/_tutorial_interfaces_s.ep.rosidl_typesupport_introspection_c.c
[4.764s] -- Installing: /home/chris/Workspaces/quadcopter_ws/install/tutorial_interfaces/lib/python3.12/site-packages/tutorial_interfaces/_tutorial_interfaces_s.ep.rosidl_typesupport_fastrtps_c.c
[4.764s] -- Installing: /home/chris/Workspaces/quadcopter_ws/install/tutorial_interfaces/lib/python3.12/site-packages/tutorial_interfaces/srv
[4.764s] -- Installing: /home/chris/Workspaces/quadcopter_ws/install/tutorial_interfaces/lib/python3.12/site-packages/tutorial_interfaces/srv/__init__.py
[4.764s] -- Installing: /home/chris/Workspaces/quadcopter_ws/install/tutorial_interfaces/lib/python3.12/site-packages/tutorial_interfaces/srv/_add_three_ints_s.c
[4.764s] -- Installing: /home/chris/Workspaces/quadcopter_ws/install/tutorial_interfaces/lib/python3.12/site-packages/tutorial_interfaces/srv/_add_three_ints.py
[4.764s] -- Installing: /home/chris/Workspaces/quadcopter_ws/install/tutorial_interfaces/lib/python3.12/site-packages/tutorial_interfaces/tutorial_interfaces_s__rosidl_typesupport_c.so
[4.764s] -- Installing: /home/chris/Workspaces/quadcopter_ws/install/tutorial_interfaces/lib/python3.12/site-packages/tutorial_interfaces/_tutorial_interfaces_s.ep.rosidl_typesupport_c.c
[4.765s] -- Installing: /home/chris/Workspaces/quadcopter_ws/install/tutorial_interfaces/lib/python3.12/site-packages/tutorial_interfaces/tutorial_interfaces_s__rosidl_typesupport_introspection_c.so
[4.765s] -- Installing: /home/chris/Workspaces/quadcopter_ws/install/tutorial_interfaces/lib/python3.12/site-packages/tutorial_interfaces/tutorial_interfaces_s__rosidl_typesupport_fastrtps_c.so
[4.765s] -- Installing: /home/chris/Workspaces/quadcopter_ws/install/tutorial_interfaces/lib/python3.12/site-packages/tutorial_interfaces/msg
[4.765s] -- Installing: /home/chris/Workspaces/quadcopter_ws/install/tutorial_interfaces/lib/python3.12/site-packages/tutorial_interfaces/msg/_num_s.c
[4.765s] -- Installing: /home/chris/Workspaces/quadcopter_ws/install/tutorial_interfaces/lib/python3.12/site-packages/tutorial_interfaces/msg/__init__.py
[4.765s] -- Installing: /home/chris/Workspaces/quadcopter_ws/install/tutorial_interfaces/lib/python3.12/site-packages/tutorial_interfaces/msg/_sphere_s.c
[4.765s] -- Installing: /home/chris/Workspaces/quadcopter_ws/install/tutorial_interfaces/lib/python3.12/site-packages/tutorial_interfaces/msg/_sphere.py
[4.766s] -- Installing: /home/chris/Workspaces/quadcopter_ws/install/tutorial_interfaces/lib/python3.12/site-packages/tutorial_interfaces/msg/_num.py
[4.799s] Listing '/home/chris/Workspaces/quadcopter_ws/install/tutorial_interfaces/lib/python3.12/site-packages/tutorial_interfaces'...
[4.799s] Compiling '/home/chris/Workspaces/quadcopter_ws/install/tutorial_interfaces/lib/python3.12/site-packages/tutorial_interfaces/__init__.py'...
[4.799s] Listing '/home/chris/Workspaces/quadcopter_ws/install/tutorial_interfaces/lib/python3.12/site-packages/tutorial_interfaces/msg'...
[4.799s] Compiling '/home/chris/Workspaces/quadcopter_ws/install/tutorial_interfaces/lib/python3.12/site-packages/tutorial_interfaces/msg/__init__.py'...
[4.800s] Compiling '/home/chris/Workspaces/quadcopter_ws/install/tutorial_interfaces/lib/python3.12/site-packages/tutorial_interfaces/msg/_num.py'...
[4.800s] Compiling '/home/chris/Workspaces/quadcopter_ws/install/tutorial_interfaces/lib/python3.12/site-packages/tutorial_interfaces/msg/_sphere.py'...
[4.800s] Listing '/home/chris/Workspaces/quadcopter_ws/install/tutorial_interfaces/lib/python3.12/site-packages/tutorial_interfaces/srv'...
[4.800s] Compiling '/home/chris/Workspaces/quadcopter_ws/install/tutorial_interfaces/lib/python3.12/site-packages/tutorial_interfaces/srv/__init__.py'...
[4.800s] Compiling '/home/chris/Workspaces/quadcopter_ws/install/tutorial_interfaces/lib/python3.12/site-packages/tutorial_interfaces/srv/_add_three_ints.py'...
[4.803s] -- Installing: /home/chris/Workspaces/quadcopter_ws/install/tutorial_interfaces/lib/python3.12/site-packages/tutorial_interfaces/tutorial_interfaces_s__rosidl_typesupport_fastrtps_c.so
[4.804s] -- Set non-toolchain portion of runtime path of "/home/chris/Workspaces/quadcopter_ws/install/tutorial_interfaces/lib/python3.12/site-packages/tutorial_interfaces/tutorial_interfaces_s__rosidl_typesupport_fastrtps_c.so" to ""
[4.804s] -- Installing: /home/chris/Workspaces/quadcopter_ws/install/tutorial_interfaces/lib/python3.12/site-packages/tutorial_interfaces/tutorial_interfaces_s__rosidl_typesupport_introspection_c.so
[4.804s] -- Set non-toolchain portion of runtime path of "/home/chris/Workspaces/quadcopter_ws/install/tutorial_interfaces/lib/python3.12/site-packages/tutorial_interfaces/tutorial_interfaces_s__rosidl_typesupport_introspection_c.so" to ""
[4.804s] -- Installing: /home/chris/Workspaces/quadcopter_ws/install/tutorial_interfaces/lib/python3.12/site-packages/tutorial_interfaces/tutorial_interfaces_s__rosidl_typesupport_c.so
[4.805s] -- Set non-toolchain portion of runtime path of "/home/chris/Workspaces/quadcopter_ws/install/tutorial_interfaces/lib/python3.12/site-packages/tutorial_interfaces/tutorial_interfaces_s__rosidl_typesupport_c.so" to ""
[4.805s] -- Installing: /home/chris/Workspaces/quadcopter_ws/install/tutorial_interfaces/lib/libtutorial_interfaces__rosidl_generator_py.so
[4.805s] -- Set non-toolchain portion of runtime path of "/home/chris/Workspaces/quadcopter_ws/install/tutorial_interfaces/lib/libtutorial_interfaces__rosidl_generator_py.so" to ""
[4.805s] -- Installing: /home/chris/Workspaces/quadcopter_ws/install/tutorial_interfaces/share/tutorial_interfaces/msg/Num.idl
[4.805s] -- Installing: /home/chris/Workspaces/quadcopter_ws/install/tutorial_interfaces/share/tutorial_interfaces/msg/Sphere.idl
[4.806s] -- Installing: /home/chris/Workspaces/quadcopter_ws/install/tutorial_interfaces/share/tutorial_interfaces/srv/AddThreeInts.idl
[4.806s] -- Installing: /home/chris/Workspaces/quadcopter_ws/install/tutorial_interfaces/share/tutorial_interfaces/msg/Num.msg
[4.806s] -- Installing: /home/chris/Workspaces/quadcopter_ws/install/tutorial_interfaces/share/tutorial_interfaces/msg/Sphere.msg
[4.806s] -- Installing: /home/chris/Workspaces/quadcopter_ws/install/tutorial_interfaces/share/tutorial_interfaces/srv/AddThreeInts.srv
[4.806s] -- Installing: /home/chris/Workspaces/quadcopter_ws/install/tutorial_interfaces/share/ament_index/resource_index/package_run_dependencies/tutorial_interfaces
[4.806s] -- Installing: /home/chris/Workspaces/quadcopter_ws/install/tutorial_interfaces/share/ament_index/resource_index/parent_prefix_path/tutorial_interfaces
[4.807s] -- Installing: /home/chris/Workspaces/quadcopter_ws/install/tutorial_interfaces/share/tutorial_interfaces/environment/ament_prefix_path.sh
[4.807s] -- Installing: /home/chris/Workspaces/quadcopter_ws/install/tutorial_interfaces/share/tutorial_interfaces/environment/ament_prefix_path.dsv
[4.807s] -- Installing: /home/chris/Workspaces/quadcopter_ws/install/tutorial_interfaces/share/tutorial_interfaces/environment/path.sh
[4.807s] -- Installing: /home/chris/Workspaces/quadcopter_ws/install/tutorial_interfaces/share/tutorial_interfaces/environment/path.dsv
[4.807s] -- Installing: /home/chris/Workspaces/quadcopter_ws/install/tutorial_interfaces/share/tutorial_interfaces/local_setup.bash
[4.807s] -- Installing: /home/chris/Workspaces/quadcopter_ws/install/tutorial_interfaces/share/tutorial_interfaces/local_setup.sh
[4.808s] -- Installing: /home/chris/Workspaces/quadcopter_ws/install/tutorial_interfaces/share/tutorial_interfaces/local_setup.zsh
[4.808s] -- Installing: /home/chris/Workspaces/quadcopter_ws/install/tutorial_interfaces/share/tutorial_interfaces/local_setup.dsv
[4.808s] -- Installing: /home/chris/Workspaces/quadcopter_ws/install/tutorial_interfaces/share/tutorial_interfaces/package.dsv
[4.808s] -- Installing: /home/chris/Workspaces/quadcopter_ws/install/tutorial_interfaces/share/ament_index/resource_index/packages/tutorial_interfaces
[4.808s] -- Installing: /home/chris/Workspaces/quadcopter_ws/install/tutorial_interfaces/share/tutorial_interfaces/cmake/export_tutorial_interfaces__rosidl_generator_cExport.cmake
[4.809s] -- Installing: /home/chris/Workspaces/quadcopter_ws/install/tutorial_interfaces/share/tutorial_interfaces/cmake/export_tutorial_interfaces__rosidl_generator_cExport-noconfig.cmake
[4.809s] -- Installing: /home/chris/Workspaces/quadcopter_ws/install/tutorial_interfaces/share/tutorial_interfaces/cmake/export_tutorial_interfaces__rosidl_typesupport_fastrtps_cExport.cmake
[4.809s] -- Installing: /home/chris/Workspaces/quadcopter_ws/install/tutorial_interfaces/share/tutorial_interfaces/cmake/export_tutorial_interfaces__rosidl_typesupport_fastrtps_cExport-noconfig.cmake
[4.809s] -- Installing: /home/chris/Workspaces/quadcopter_ws/install/tutorial_interfaces/share/tutorial_interfaces/cmake/tutorial_interfaces__rosidl_typesupport_introspection_cExport.cmake
[4.809s] -- Installing: /home/chris/Workspaces/quadcopter_ws/install/tutorial_interfaces/share/tutorial_interfaces/cmake/tutorial_interfaces__rosidl_typesupport_introspection_cExport-noconfig.cmake
[4.810s] -- Installing: /home/chris/Workspaces/quadcopter_ws/install/tutorial_interfaces/share/tutorial_interfaces/cmake/tutorial_interfaces__rosidl_typesupport_cExport.cmake
[4.810s] -- Installing: /home/chris/Workspaces/quadcopter_ws/install/tutorial_interfaces/share/tutorial_interfaces/cmake/tutorial_interfaces__rosidl_typesupport_cExport-noconfig.cmake
[4.810s] -- Installing: /home/chris/Workspaces/quadcopter_ws/install/tutorial_interfaces/share/tutorial_interfaces/cmake/export_tutorial_interfaces__rosidl_generator_cppExport.cmake
[4.810s] -- Installing: /home/chris/Workspaces/quadcopter_ws/install/tutorial_interfaces/share/tutorial_interfaces/cmake/export_tutorial_interfaces__rosidl_typesupport_fastrtps_cppExport.cmake
[4.810s] -- Installing: /home/chris/Workspaces/quadcopter_ws/install/tutorial_interfaces/share/tutorial_interfaces/cmake/export_tutorial_interfaces__rosidl_typesupport_fastrtps_cppExport-noconfig.cmake
[4.810s] -- Installing: /home/chris/Workspaces/quadcopter_ws/install/tutorial_interfaces/share/tutorial_interfaces/cmake/tutorial_interfaces__rosidl_typesupport_introspection_cppExport.cmake
[4.810s] -- Installing: /home/chris/Workspaces/quadcopter_ws/install/tutorial_interfaces/share/tutorial_interfaces/cmake/tutorial_interfaces__rosidl_typesupport_introspection_cppExport-noconfig.cmake
[4.811s] -- Installing: /home/chris/Workspaces/quadcopter_ws/install/tutorial_interfaces/share/tutorial_interfaces/cmake/tutorial_interfaces__rosidl_typesupport_cppExport.cmake
[4.811s] -- Installing: /home/chris/Workspaces/quadcopter_ws/install/tutorial_interfaces/share/tutorial_interfaces/cmake/tutorial_interfaces__rosidl_typesupport_cppExport-noconfig.cmake
[4.811s] -- Installing: /home/chris/Workspaces/quadcopter_ws/install/tutorial_interfaces/share/tutorial_interfaces/cmake/export_tutorial_interfaces__rosidl_generator_pyExport.cmake
[4.811s] -- Installing: /home/chris/Workspaces/quadcopter_ws/install/tutorial_interfaces/share/tutorial_interfaces/cmake/export_tutorial_interfaces__rosidl_generator_pyExport-noconfig.cmake
[4.811s] -- Installing: /home/chris/Workspaces/quadcopter_ws/install/tutorial_interfaces/share/tutorial_interfaces/cmake/rosidl_cmake-extras.cmake
[4.812s] -- Installing: /home/chris/Workspaces/quadcopter_ws/install/tutorial_interfaces/share/tutorial_interfaces/cmake/ament_cmake_export_dependencies-extras.cmake
[4.812s] -- Installing: /home/chris/Workspaces/quadcopter_ws/install/tutorial_interfaces/share/tutorial_interfaces/cmake/ament_cmake_export_include_directories-extras.cmake
[4.812s] -- Installing: /home/chris/Workspaces/quadcopter_ws/install/tutorial_interfaces/share/tutorial_interfaces/cmake/ament_cmake_export_libraries-extras.cmake
[4.812s] -- Installing: /home/chris/Workspaces/quadcopter_ws/install/tutorial_interfaces/share/tutorial_interfaces/cmake/ament_cmake_export_targets-extras.cmake
[4.812s] -- Installing: /home/chris/Workspaces/quadcopter_ws/install/tutorial_interfaces/share/tutorial_interfaces/cmake/rosidl_cmake_export_typesupport_targets-extras.cmake
[4.812s] -- Installing: /home/chris/Workspaces/quadcopter_ws/install/tutorial_interfaces/share/tutorial_interfaces/cmake/rosidl_cmake_export_typesupport_libraries-extras.cmake
[4.812s] -- Installing: /home/chris/Workspaces/quadcopter_ws/install/tutorial_interfaces/share/tutorial_interfaces/cmake/tutorial_interfacesConfig.cmake
[4.813s] -- Installing: /home/chris/Workspaces/quadcopter_ws/install/tutorial_interfaces/share/tutorial_interfaces/cmake/tutorial_interfacesConfig-version.cmake
[4.813s] -- Installing: /home/chris/Workspaces/quadcopter_ws/install/tutorial_interfaces/share/tutorial_interfaces/package.xml
[4.815s] Invoked command in '/home/chris/Workspaces/quadcopter_ws/build/tutorial_interfaces' returned '0': CMAKE_PREFIX_PATH=${CMAKE_PREFIX_PATH}:/opt/ros/jazzy DEBUGINFOD_URLS=https://debuginfod.ubuntu.com /usr/bin/cmake --install /home/chris/Workspaces/quadcopter_ws/build/tutorial_interfaces
