-- The C compiler identification is GNU 13.3.0
-- The CXX compiler identification is GNU 13.3.0
-- Detecting C compiler ABI info
-- Detecting C compiler ABI info - done
-- Check for working C compiler: /usr/bin/cc - skipped
-- Detecting C compile features
-- Detecting C compile features - done
-- Detecting CXX compiler ABI info
-- Detecting CXX compiler ABI info - done
-- Check for working CXX compiler: /usr/bin/c++ - skipped
-- Detecting CXX compile features
-- Detecting CXX compile features - done
-- Found ament_cmake: 2.5.2 (/opt/ros/jazzy/share/ament_cmake/cmake)
-- Found Python3: /usr/bin/python3 (found version "3.12.3") found components: Interpreter 
-- Found ament_lint_auto: 0.17.1 (/opt/ros/jazzy/share/ament_lint_auto/cmake)
-- Added test 'cppcheck' to perform static code analysis on C / C++ code
-- Configured cppcheck include dirs: $<BUILD_INTERFACE:/home/chris/Workspaces/quadcopter_ws/src/services/include>
-- Configured cppcheck exclude dirs and/or files: 
-- Added test 'lint_cmake' to check CMake code style
-- Added test 'uncrustify' to check C / C++ code style
-- Configured uncrustify additional arguments: 
-- Added test 'xmllint' to check XML markup files
-- Configuring done (0.7s)
-- Generating done (0.0s)
-- Build files have been written to: /home/chris/Workspaces/quadcopter_ws/build/services
[ 50%] [32mBuilding CXX object CMakeFiles/command_svc.dir/src/command_svc.cpp.o[0m
[100%] [32m[1mLinking CXX executable command_svc[0m
[100%] Built target command_svc
-- Install configuration: ""
-- Installing: /home/chris/Workspaces/quadcopter_ws/install/services/lib/services/command_svc
-- Installing: /home/chris/Workspaces/quadcopter_ws/install/services/share/ament_index/resource_index/package_run_dependencies/services
-- Installing: /home/chris/Workspaces/quadcopter_ws/install/services/share/ament_index/resource_index/parent_prefix_path/services
-- Installing: /home/chris/Workspaces/quadcopter_ws/install/services/share/services/environment/ament_prefix_path.sh
-- Installing: /home/chris/Workspaces/quadcopter_ws/install/services/share/services/environment/ament_prefix_path.dsv
-- Installing: /home/chris/Workspaces/quadcopter_ws/install/services/share/services/environment/path.sh
-- Installing: /home/chris/Workspaces/quadcopter_ws/install/services/share/services/environment/path.dsv
-- Installing: /home/chris/Workspaces/quadcopter_ws/install/services/share/services/local_setup.bash
-- Installing: /home/chris/Workspaces/quadcopter_ws/install/services/share/services/local_setup.sh
-- Installing: /home/chris/Workspaces/quadcopter_ws/install/services/share/services/local_setup.zsh
-- Installing: /home/chris/Workspaces/quadcopter_ws/install/services/share/services/local_setup.dsv
-- Installing: /home/chris/Workspaces/quadcopter_ws/install/services/share/services/package.dsv
-- Installing: /home/chris/Workspaces/quadcopter_ws/install/services/share/ament_index/resource_index/packages/services
-- Installing: /home/chris/Workspaces/quadcopter_ws/install/services/share/services/cmake/servicesConfig.cmake
-- Installing: /home/chris/Workspaces/quadcopter_ws/install/services/share/services/cmake/servicesConfig-version.cmake
-- Installing: /home/chris/Workspaces/quadcopter_ws/install/services/share/services/package.xml
