[0.009s] Invoking command in '/home/chris/Workspaces/quadcopter_ws/build/services': CMAKE_PREFIX_PATH=${CMAKE_PREFIX_PATH}:/opt/ros/jazzy DEBUGINFOD_URLS=https://debuginfod.ubuntu.com /usr/bin/cmake /home/chris/Workspaces/quadcopter_ws/src/services -DCMAKE_INSTALL_PREFIX=/home/chris/Workspaces/quadcopter_ws/install/services
[0.124s] -- The C compiler identification is GNU 13.3.0
[0.207s] -- The CXX compiler identification is GNU 13.3.0
[0.225s] -- Detecting C compiler ABI info
[0.303s] -- Detecting C compiler ABI info - done
[0.310s] -- Check for working C compiler: /usr/bin/cc - skipped
[0.311s] -- Detecting C compile features
[0.311s] -- Detecting C compile features - done
[0.320s] -- Detecting CXX compiler ABI info
[0.402s] -- Detecting CXX compiler ABI info - done
[0.410s] -- Check for working CXX compiler: /usr/bin/c++ - skipped
[0.410s] -- Detecting CXX compile features
[0.410s] -- Detecting CXX compile features - done
[0.416s] -- Found ament_cmake: 2.5.2 (/opt/ros/jazzy/share/ament_cmake/cmake)
[0.536s] -- Found Python3: /usr/bin/python3 (found version "3.12.3") found components: Interpreter 
[0.636s] -- Found ament_lint_auto: 0.17.1 (/opt/ros/jazzy/share/ament_lint_auto/cmake)
[0.723s] -- Added test 'cppcheck' to perform static code analysis on C / C++ code
[0.723s] -- Configured cppcheck include dirs: $<BUILD_INTERFACE:/home/chris/Workspaces/quadcopter_ws/src/services/include>
[0.723s] -- Configured cppcheck exclude dirs and/or files: 
[0.724s] -- Added test 'lint_cmake' to check CMake code style
[0.726s] -- Added test 'uncrustify' to check C / C++ code style
[0.726s] -- Configured uncrustify additional arguments: 
[0.726s] -- Added test 'xmllint' to check XML markup files
[0.728s] -- Configuring done (0.7s)
[0.732s] -- Generating done (0.0s)
[0.734s] -- Build files have been written to: /home/chris/Workspaces/quadcopter_ws/build/services
[0.738s] Invoked command in '/home/chris/Workspaces/quadcopter_ws/build/services' returned '0': CMAKE_PREFIX_PATH=${CMAKE_PREFIX_PATH}:/opt/ros/jazzy DEBUGINFOD_URLS=https://debuginfod.ubuntu.com /usr/bin/cmake /home/chris/Workspaces/quadcopter_ws/src/services -DCMAKE_INSTALL_PREFIX=/home/chris/Workspaces/quadcopter_ws/install/services
[0.739s] Invoking command in '/home/chris/Workspaces/quadcopter_ws/build/services': CMAKE_PREFIX_PATH=${CMAKE_PREFIX_PATH}:/opt/ros/jazzy DEBUGINFOD_URLS=https://debuginfod.ubuntu.com /usr/bin/cmake --build /home/chris/Workspaces/quadcopter_ws/build/services -- -j12 -l12
[0.782s] [ 50%] [32mBuilding CXX object CMakeFiles/command_svc.dir/src/command_svc.cpp.o[0m
[0.966s] [01m[K/home/chris/Workspaces/quadcopter_ws/src/services/src/command_svc.cpp:[m[K In function ‘[01m[Kint[01;32m[K main[m[K(int, char**)[m[K’:
[0.966s] [01m[K/home/chris/Workspaces/quadcopter_ws/src/services/src/command_svc.cpp:3:14:[m[K [01;35m[Kwarning: [m[Kunused parameter ‘[01m[Kargc[m[K’ [[01;35m[K]8;;https://gcc.gnu.org/onlinedocs/gcc/Warning-Options.html#index-Wunused-parameter-Wunused-parameter]8;;[m[K]
[0.966s]     3 | int main([01;35m[Kint argc[m[K, char ** argv)
[0.966s]       |          [01;35m[K~~~~^~~~[m[K
[0.966s] [01m[K/home/chris/Workspaces/quadcopter_ws/src/services/src/command_svc.cpp:3:28:[m[K [01;35m[Kwarning: [m[Kunused parameter ‘[01m[Kargv[m[K’ [[01;35m[K]8;;https://gcc.gnu.org/onlinedocs/gcc/Warning-Options.html#index-Wunused-parameter-Wunused-parameter]8;;[m[K]
[0.966s]     3 | int main(int argc, [01;35m[Kchar ** argv[m[K)
[0.966s]       |                    [01;35m[K~~~~~~~~^~~~[m[K
[0.997s] [100%] [32m[1mLinking CXX executable command_svc[0m
[1.054s] [100%] Built target command_svc
[1.063s] Invoked command in '/home/chris/Workspaces/quadcopter_ws/build/services' returned '0': CMAKE_PREFIX_PATH=${CMAKE_PREFIX_PATH}:/opt/ros/jazzy DEBUGINFOD_URLS=https://debuginfod.ubuntu.com /usr/bin/cmake --build /home/chris/Workspaces/quadcopter_ws/build/services -- -j12 -l12
[1.071s] Invoking command in '/home/chris/Workspaces/quadcopter_ws/build/services': CMAKE_PREFIX_PATH=${CMAKE_PREFIX_PATH}:/opt/ros/jazzy DEBUGINFOD_URLS=https://debuginfod.ubuntu.com /usr/bin/cmake --install /home/chris/Workspaces/quadcopter_ws/build/services
[1.078s] -- Install configuration: ""
[1.078s] -- Installing: /home/chris/Workspaces/quadcopter_ws/install/services/lib/services/command_svc
[1.078s] -- Installing: /home/chris/Workspaces/quadcopter_ws/install/services/share/ament_index/resource_index/package_run_dependencies/services
[1.078s] -- Installing: /home/chris/Workspaces/quadcopter_ws/install/services/share/ament_index/resource_index/parent_prefix_path/services
[1.079s] -- Installing: /home/chris/Workspaces/quadcopter_ws/install/services/share/services/environment/ament_prefix_path.sh
[1.079s] -- Installing: /home/chris/Workspaces/quadcopter_ws/install/services/share/services/environment/ament_prefix_path.dsv
[1.079s] -- Installing: /home/chris/Workspaces/quadcopter_ws/install/services/share/services/environment/path.sh
[1.079s] -- Installing: /home/chris/Workspaces/quadcopter_ws/install/services/share/services/environment/path.dsv
[1.079s] -- Installing: /home/chris/Workspaces/quadcopter_ws/install/services/share/services/local_setup.bash
[1.079s] -- Installing: /home/chris/Workspaces/quadcopter_ws/install/services/share/services/local_setup.sh
[1.080s] -- Installing: /home/chris/Workspaces/quadcopter_ws/install/services/share/services/local_setup.zsh
[1.080s] -- Installing: /home/chris/Workspaces/quadcopter_ws/install/services/share/services/local_setup.dsv
[1.080s] -- Installing: /home/chris/Workspaces/quadcopter_ws/install/services/share/services/package.dsv
[1.080s] -- Installing: /home/chris/Workspaces/quadcopter_ws/install/services/share/ament_index/resource_index/packages/services
[1.080s] -- Installing: /home/chris/Workspaces/quadcopter_ws/install/services/share/services/cmake/servicesConfig.cmake
[1.080s] -- Installing: /home/chris/Workspaces/quadcopter_ws/install/services/share/services/cmake/servicesConfig-version.cmake
[1.081s] -- Installing: /home/chris/Workspaces/quadcopter_ws/install/services/share/services/package.xml
[1.082s] Invoked command in '/home/chris/Workspaces/quadcopter_ws/build/services' returned '0': CMAKE_PREFIX_PATH=${CMAKE_PREFIX_PATH}:/opt/ros/jazzy DEBUGINFOD_URLS=https://debuginfod.ubuntu.com /usr/bin/cmake --install /home/chris/Workspaces/quadcopter_ws/build/services
