[0.009s] Invoking command in '/home/chris/Workspaces/quadcopter_ws/build/cpp_srvcli': CMAKE_PREFIX_PATH=${CMAKE_PREFIX_PATH}:/opt/ros/jazzy DEBUGINFOD_URLS=https://debuginfod.ubuntu.com /usr/bin/cmake /home/chris/Workspaces/quadcopter_ws/src/cpp_srvcli -DCMAKE_INSTALL_PREFIX=/home/chris/Workspaces/quadcopter_ws/install/cpp_srvcli
[0.054s] -- The C compiler identification is GNU 13.3.0
[0.097s] -- The CXX compiler identification is GNU 13.3.0
[0.112s] -- Detecting C compiler ABI info
[0.185s] -- Detecting C compiler ABI info - done
[0.192s] -- Check for working C compiler: /usr/bin/cc - skipped
[0.192s] -- Detecting C compile features
[0.193s] -- Detecting C compile features - done
[0.200s] -- Detecting CXX compiler ABI info
[0.290s] -- Detecting CXX compiler ABI info - done
[0.297s] -- Check for working CXX compiler: /usr/bin/c++ - skipped
[0.298s] -- Detecting CXX compile features
[0.298s] -- Detecting CXX compile features - done
[0.301s] -- Found ament_cmake: 2.5.2 (/opt/ros/jazzy/share/ament_cmake/cmake)
[0.414s] -- Found Python3: /usr/bin/python3 (found version "3.12.3") found components: Interpreter 
[0.497s] -- Found rclcpp: 28.1.5 (/opt/ros/jazzy/share/rclcpp/cmake)
[0.532s] -- Found rosidl_generator_c: 4.6.4 (/opt/ros/jazzy/share/rosidl_generator_c/cmake)
[0.543s] -- Found rosidl_generator_cpp: 4.6.4 (/opt/ros/jazzy/share/rosidl_generator_cpp/cmake)
[0.556s] -- Using all available rosidl_typesupport_c: rosidl_typesupport_fastrtps_c;rosidl_typesupport_introspection_c
[0.571s] -- Using all available rosidl_typesupport_cpp: rosidl_typesupport_fastrtps_cpp;rosidl_typesupport_introspection_cpp
[0.635s] -- Found rmw_implementation_cmake: 7.3.1 (/opt/ros/jazzy/share/rmw_implementation_cmake/cmake)
[0.637s] -- Found rmw_fastrtps_cpp: 8.4.1 (/opt/ros/jazzy/share/rmw_fastrtps_cpp/cmake)
[0.706s] -- Found OpenSSL: /usr/lib/x86_64-linux-gnu/libcrypto.so (found version "3.0.13")  
[0.724s] -- Found FastRTPS: /opt/ros/jazzy/include (Required is at least version "2.13") 
[0.742s] -- Using RMW implementation 'rmw_fastrtps_cpp' as default
[0.804s] -- Found example_interfaces: 0.12.0 (/opt/ros/jazzy/share/example_interfaces/cmake)
[0.862s] -- Found ament_lint_auto: 0.17.1 (/opt/ros/jazzy/share/ament_lint_auto/cmake)
[0.947s] -- Added test 'cppcheck' to perform static code analysis on C / C++ code
[0.947s] -- Configured cppcheck include dirs: 
[0.947s] -- Configured cppcheck exclude dirs and/or files: 
[0.948s] -- Added test 'lint_cmake' to check CMake code style
[0.949s] -- Added test 'uncrustify' to check C / C++ code style
[0.949s] -- Configured uncrustify additional arguments: 
[0.950s] -- Added test 'xmllint' to check XML markup files
[0.951s] -- Configuring done (0.9s)
[0.963s] -- Generating done (0.0s)
[0.967s] -- Build files have been written to: /home/chris/Workspaces/quadcopter_ws/build/cpp_srvcli
[0.976s] Invoked command in '/home/chris/Workspaces/quadcopter_ws/build/cpp_srvcli' returned '0': CMAKE_PREFIX_PATH=${CMAKE_PREFIX_PATH}:/opt/ros/jazzy DEBUGINFOD_URLS=https://debuginfod.ubuntu.com /usr/bin/cmake /home/chris/Workspaces/quadcopter_ws/src/cpp_srvcli -DCMAKE_INSTALL_PREFIX=/home/chris/Workspaces/quadcopter_ws/install/cpp_srvcli
[0.977s] Invoking command in '/home/chris/Workspaces/quadcopter_ws/build/cpp_srvcli': CMAKE_PREFIX_PATH=${CMAKE_PREFIX_PATH}:/opt/ros/jazzy DEBUGINFOD_URLS=https://debuginfod.ubuntu.com /usr/bin/cmake --build /home/chris/Workspaces/quadcopter_ws/build/cpp_srvcli -- -j12 -l12
[1.024s] [ 50%] [32mBuilding CXX object CMakeFiles/client.dir/src/add_two_ints_client.cpp.o[0m
[1.024s] [ 50%] [32mBuilding CXX object CMakeFiles/server.dir/src/add_two_ints_server.cpp.o[0m
[3.599s] [ 75%] [32m[1mLinking CXX executable server[0m
[3.720s] [ 75%] Built target server
[3.791s] [100%] [32m[1mLinking CXX executable client[0m
[3.902s] [100%] Built target client
[3.912s] Invoked command in '/home/chris/Workspaces/quadcopter_ws/build/cpp_srvcli' returned '0': CMAKE_PREFIX_PATH=${CMAKE_PREFIX_PATH}:/opt/ros/jazzy DEBUGINFOD_URLS=https://debuginfod.ubuntu.com /usr/bin/cmake --build /home/chris/Workspaces/quadcopter_ws/build/cpp_srvcli -- -j12 -l12
[3.920s] Invoking command in '/home/chris/Workspaces/quadcopter_ws/build/cpp_srvcli': CMAKE_PREFIX_PATH=${CMAKE_PREFIX_PATH}:/opt/ros/jazzy DEBUGINFOD_URLS=https://debuginfod.ubuntu.com /usr/bin/cmake --install /home/chris/Workspaces/quadcopter_ws/build/cpp_srvcli
[3.928s] -- Install configuration: ""
[3.928s] -- Installing: /home/chris/Workspaces/quadcopter_ws/install/cpp_srvcli/lib/cpp_srvcli/server
[3.929s] -- Set non-toolchain portion of runtime path of "/home/chris/Workspaces/quadcopter_ws/install/cpp_srvcli/lib/cpp_srvcli/server" to ""
[3.929s] -- Installing: /home/chris/Workspaces/quadcopter_ws/install/cpp_srvcli/lib/cpp_srvcli/client
[3.930s] -- Set non-toolchain portion of runtime path of "/home/chris/Workspaces/quadcopter_ws/install/cpp_srvcli/lib/cpp_srvcli/client" to ""
[3.930s] -- Installing: /home/chris/Workspaces/quadcopter_ws/install/cpp_srvcli/share/ament_index/resource_index/package_run_dependencies/cpp_srvcli
[3.930s] -- Installing: /home/chris/Workspaces/quadcopter_ws/install/cpp_srvcli/share/ament_index/resource_index/parent_prefix_path/cpp_srvcli
[3.931s] -- Installing: /home/chris/Workspaces/quadcopter_ws/install/cpp_srvcli/share/cpp_srvcli/environment/ament_prefix_path.sh
[3.931s] -- Installing: /home/chris/Workspaces/quadcopter_ws/install/cpp_srvcli/share/cpp_srvcli/environment/ament_prefix_path.dsv
[3.931s] -- Installing: /home/chris/Workspaces/quadcopter_ws/install/cpp_srvcli/share/cpp_srvcli/environment/path.sh
[3.931s] -- Installing: /home/chris/Workspaces/quadcopter_ws/install/cpp_srvcli/share/cpp_srvcli/environment/path.dsv
[3.931s] -- Installing: /home/chris/Workspaces/quadcopter_ws/install/cpp_srvcli/share/cpp_srvcli/local_setup.bash
[3.931s] -- Installing: /home/chris/Workspaces/quadcopter_ws/install/cpp_srvcli/share/cpp_srvcli/local_setup.sh
[3.932s] -- Installing: /home/chris/Workspaces/quadcopter_ws/install/cpp_srvcli/share/cpp_srvcli/local_setup.zsh
[3.932s] -- Installing: /home/chris/Workspaces/quadcopter_ws/install/cpp_srvcli/share/cpp_srvcli/local_setup.dsv
[3.932s] -- Installing: /home/chris/Workspaces/quadcopter_ws/install/cpp_srvcli/share/cpp_srvcli/package.dsv
[3.932s] -- Installing: /home/chris/Workspaces/quadcopter_ws/install/cpp_srvcli/share/ament_index/resource_index/packages/cpp_srvcli
[3.932s] -- Installing: /home/chris/Workspaces/quadcopter_ws/install/cpp_srvcli/share/cpp_srvcli/cmake/cpp_srvcliConfig.cmake
[3.932s] -- Installing: /home/chris/Workspaces/quadcopter_ws/install/cpp_srvcli/share/cpp_srvcli/cmake/cpp_srvcliConfig-version.cmake
[3.933s] -- Installing: /home/chris/Workspaces/quadcopter_ws/install/cpp_srvcli/share/cpp_srvcli/package.xml
[3.934s] Invoked command in '/home/chris/Workspaces/quadcopter_ws/build/cpp_srvcli' returned '0': CMAKE_PREFIX_PATH=${CMAKE_PREFIX_PATH}:/opt/ros/jazzy DEBUGINFOD_URLS=https://debuginfod.ubuntu.com /usr/bin/cmake --install /home/chris/Workspaces/quadcopter_ws/build/cpp_srvcli
