[ 50%] [32mBuilding CXX object CMakeFiles/rf24_transceiver_node.dir/src/rf24_transceiver_node.cpp.o[0m
[100%] [32m[1mLinking CXX executable rf24_transceiver_node[0m
[100%] Built target rf24_transceiver_node
-- Install configuration: ""
-- Installing: /home/chris/Workspaces/quadcopter_ws/install/rf24_transceiver/lib/rf24_transceiver/rf24_transceiver_node
-- Set non-toolchain portion of runtime path of "/home/chris/Workspaces/quadcopter_ws/install/rf24_transceiver/lib/rf24_transceiver/rf24_transceiver_node" to ""
-- Installing: /home/chris/Workspaces/quadcopter_ws/install/rf24_transceiver/share/ament_index/resource_index/package_run_dependencies/rf24_transceiver
-- Installing: /home/chris/Workspaces/quadcopter_ws/install/rf24_transceiver/share/ament_index/resource_index/parent_prefix_path/rf24_transceiver
-- Installing: /home/chris/Workspaces/quadcopter_ws/install/rf24_transceiver/share/rf24_transceiver/environment/ament_prefix_path.sh
-- Installing: /home/chris/Workspaces/quadcopter_ws/install/rf24_transceiver/share/rf24_transceiver/environment/ament_prefix_path.dsv
-- Installing: /home/chris/Workspaces/quadcopter_ws/install/rf24_transceiver/share/rf24_transceiver/environment/path.sh
-- Installing: /home/chris/Workspaces/quadcopter_ws/install/rf24_transceiver/share/rf24_transceiver/environment/path.dsv
-- Installing: /home/chris/Workspaces/quadcopter_ws/install/rf24_transceiver/share/rf24_transceiver/local_setup.bash
-- Installing: /home/chris/Workspaces/quadcopter_ws/install/rf24_transceiver/share/rf24_transceiver/local_setup.sh
-- Installing: /home/chris/Workspaces/quadcopter_ws/install/rf24_transceiver/share/rf24_transceiver/local_setup.zsh
-- Installing: /home/chris/Workspaces/quadcopter_ws/install/rf24_transceiver/share/rf24_transceiver/local_setup.dsv
-- Installing: /home/chris/Workspaces/quadcopter_ws/install/rf24_transceiver/share/rf24_transceiver/package.dsv
-- Installing: /home/chris/Workspaces/quadcopter_ws/install/rf24_transceiver/share/ament_index/resource_index/packages/rf24_transceiver
-- Installing: /home/chris/Workspaces/quadcopter_ws/install/rf24_transceiver/share/rf24_transceiver/cmake/rf24_transceiverConfig.cmake
-- Installing: /home/chris/Workspaces/quadcopter_ws/install/rf24_transceiver/share/rf24_transceiver/cmake/rf24_transceiverConfig-version.cmake
-- Installing: /home/chris/Workspaces/quadcopter_ws/install/rf24_transceiver/share/rf24_transceiver/package.xml
