[0.008s] Invoking command in '/home/chris/Workspaces/quadcopter_ws/build/rf24_transceiver': CMAKE_PREFIX_PATH=${CMAKE_PREFIX_PATH}:/opt/ros/jazzy DEBUGINFOD_URLS=https://debuginfod.ubuntu.com /usr/bin/cmake --build /home/chris/Workspaces/quadcopter_ws/build/rf24_transceiver -- -j12 -l12
[0.066s] [ 50%] [32mBuilding CXX object CMakeFiles/rf24_transceiver_node.dir/src/rf24_transceiver_node.cpp.o[0m
[5.606s] [100%] [32m[1mLinking CXX executable rf24_transceiver_node[0m
[5.820s] [100%] Built target rf24_transceiver_node
[5.831s] Invoked command in '/home/chris/Workspaces/quadcopter_ws/build/rf24_transceiver' returned '0': CMAKE_PREFIX_PATH=${CMAKE_PREFIX_PATH}:/opt/ros/jazzy DEBUGINFOD_URLS=https://debuginfod.ubuntu.com /usr/bin/cmake --build /home/chris/Workspaces/quadcopter_ws/build/rf24_transceiver -- -j12 -l12
[5.839s] Invoking command in '/home/chris/Workspaces/quadcopter_ws/build/rf24_transceiver': CMAKE_PREFIX_PATH=${CMAKE_PREFIX_PATH}:/opt/ros/jazzy DEBUGINFOD_URLS=https://debuginfod.ubuntu.com /usr/bin/cmake --install /home/chris/Workspaces/quadcopter_ws/build/rf24_transceiver
[5.846s] -- Install configuration: ""
[5.846s] -- Installing: /home/chris/Workspaces/quadcopter_ws/install/rf24_transceiver/lib/rf24_transceiver/rf24_transceiver_node
[5.850s] -- Set non-toolchain portion of runtime path of "/home/chris/Workspaces/quadcopter_ws/install/rf24_transceiver/lib/rf24_transceiver/rf24_transceiver_node" to ""
[5.850s] -- Installing: /home/chris/Workspaces/quadcopter_ws/install/rf24_transceiver/share/ament_index/resource_index/package_run_dependencies/rf24_transceiver
[5.850s] -- Installing: /home/chris/Workspaces/quadcopter_ws/install/rf24_transceiver/share/ament_index/resource_index/parent_prefix_path/rf24_transceiver
[5.851s] -- Installing: /home/chris/Workspaces/quadcopter_ws/install/rf24_transceiver/share/rf24_transceiver/environment/ament_prefix_path.sh
[5.851s] -- Installing: /home/chris/Workspaces/quadcopter_ws/install/rf24_transceiver/share/rf24_transceiver/environment/ament_prefix_path.dsv
[5.851s] -- Installing: /home/chris/Workspaces/quadcopter_ws/install/rf24_transceiver/share/rf24_transceiver/environment/path.sh
[5.851s] -- Installing: /home/chris/Workspaces/quadcopter_ws/install/rf24_transceiver/share/rf24_transceiver/environment/path.dsv
[5.851s] -- Installing: /home/chris/Workspaces/quadcopter_ws/install/rf24_transceiver/share/rf24_transceiver/local_setup.bash
[5.851s] -- Installing: /home/chris/Workspaces/quadcopter_ws/install/rf24_transceiver/share/rf24_transceiver/local_setup.sh
[5.852s] -- Installing: /home/chris/Workspaces/quadcopter_ws/install/rf24_transceiver/share/rf24_transceiver/local_setup.zsh
[5.852s] -- Installing: /home/chris/Workspaces/quadcopter_ws/install/rf24_transceiver/share/rf24_transceiver/local_setup.dsv
[5.852s] -- Installing: /home/chris/Workspaces/quadcopter_ws/install/rf24_transceiver/share/rf24_transceiver/package.dsv
[5.852s] -- Installing: /home/chris/Workspaces/quadcopter_ws/install/rf24_transceiver/share/ament_index/resource_index/packages/rf24_transceiver
[5.852s] -- Installing: /home/chris/Workspaces/quadcopter_ws/install/rf24_transceiver/share/rf24_transceiver/cmake/rf24_transceiverConfig.cmake
[5.852s] -- Installing: /home/chris/Workspaces/quadcopter_ws/install/rf24_transceiver/share/rf24_transceiver/cmake/rf24_transceiverConfig-version.cmake
[5.853s] -- Installing: /home/chris/Workspaces/quadcopter_ws/install/rf24_transceiver/share/rf24_transceiver/package.xml
[5.854s] Invoked command in '/home/chris/Workspaces/quadcopter_ws/build/rf24_transceiver' returned '0': CMAKE_PREFIX_PATH=${CMAKE_PREFIX_PATH}:/opt/ros/jazzy DEBUGINFOD_URLS=https://debuginfod.ubuntu.com /usr/bin/cmake --install /home/chris/Workspaces/quadcopter_ws/build/rf24_transceiver
