[0.008s] Invoking command in '/home/chris/Workspaces/quadcopter_ws/build/rf24_transceiver': CMAKE_PREFIX_PATH=${CMAKE_PREFIX_PATH}:/opt/ros/jazzy DEBUGINFOD_URLS=https://debuginfod.ubuntu.com /usr/bin/cmake /home/chris/Workspaces/quadcopter_ws/src/rf24_transceiver -DCMAKE_INSTALL_PREFIX=/home/chris/Workspaces/quadcopter_ws/install/rf24_transceiver
[0.020s] -- Found ament_cmake: 2.5.2 (/opt/ros/jazzy/share/ament_cmake/cmake)
[0.188s] -- Found rclcpp: 28.1.5 (/opt/ros/jazzy/share/rclcpp/cmake)
[0.210s] -- Found rosidl_generator_c: 4.6.4 (/opt/ros/jazzy/share/rosidl_generator_c/cmake)
[0.217s] -- Found rosidl_generator_cpp: 4.6.4 (/opt/ros/jazzy/share/rosidl_generator_cpp/cmake)
[0.226s] -- Using all available rosidl_typesupport_c: rosidl_typesupport_fastrtps_c;rosidl_typesupport_introspection_c
[0.237s] -- Using all available rosidl_typesupport_cpp: rosidl_typesupport_fastrtps_cpp;rosidl_typesupport_introspection_cpp
[0.286s] -- Found rmw_implementation_cmake: 7.3.1 (/opt/ros/jazzy/share/rmw_implementation_cmake/cmake)
[0.287s] -- Found rmw_fastrtps_cpp: 8.4.1 (/opt/ros/jazzy/share/rmw_fastrtps_cpp/cmake)
[0.340s] -- Using RMW implementation 'rmw_fastrtps_cpp' as default
[0.391s] -- Found std_msgs: 5.3.5 (/opt/ros/jazzy/share/std_msgs/cmake)
[0.402s] -- Found ament_lint_auto: 0.17.1 (/opt/ros/jazzy/share/ament_lint_auto/cmake)
[0.473s] -- Added test 'cppcheck' to perform static code analysis on C / C++ code
[0.473s] -- Configured cppcheck include dirs: $<BUILD_INTERFACE:/home/chris/Workspaces/quadcopter_ws/src/rf24_transceiver/include>
[0.473s] -- Configured cppcheck exclude dirs and/or files: 
[0.474s] -- Added test 'lint_cmake' to check CMake code style
[0.475s] -- Added test 'uncrustify' to check C / C++ code style
[0.475s] -- Configured uncrustify additional arguments: 
[0.475s] -- Added test 'xmllint' to check XML markup files
[0.476s] -- Configuring done (0.5s)
[0.485s] -- Generating done (0.0s)
[0.488s] -- Build files have been written to: /home/chris/Workspaces/quadcopter_ws/build/rf24_transceiver
[0.496s] Invoked command in '/home/chris/Workspaces/quadcopter_ws/build/rf24_transceiver' returned '0': CMAKE_PREFIX_PATH=${CMAKE_PREFIX_PATH}:/opt/ros/jazzy DEBUGINFOD_URLS=https://debuginfod.ubuntu.com /usr/bin/cmake /home/chris/Workspaces/quadcopter_ws/src/rf24_transceiver -DCMAKE_INSTALL_PREFIX=/home/chris/Workspaces/quadcopter_ws/install/rf24_transceiver
[0.497s] Invoking command in '/home/chris/Workspaces/quadcopter_ws/build/rf24_transceiver': CMAKE_PREFIX_PATH=${CMAKE_PREFIX_PATH}:/opt/ros/jazzy DEBUGINFOD_URLS=https://debuginfod.ubuntu.com /usr/bin/cmake --build /home/chris/Workspaces/quadcopter_ws/build/rf24_transceiver -- -j12 -l12
[0.548s] [ 50%] [32mBuilding CXX object CMakeFiles/rf24_transceiver_node.dir/src/rf24_transceiver_node.cpp.o[0m
[0.559s] [01m[K/home/chris/Workspaces/quadcopter_ws/src/rf24_transceiver/src/rf24_transceiver_node.cpp:1:10:[m[K [01;31m[Kfatal error: [m[Krf24_transmitter_node.hpp: No such file or directory
[0.559s]     1 | #include [01;31m[K"rf24_transmitter_node.hpp"[m[K
[0.559s]       |          [01;31m[K^~~~~~~~~~~~~~~~~~~~~~~~~~~[m[K
[0.559s] compilation terminated.
[0.560s] gmake[2]: *** [CMakeFiles/rf24_transceiver_node.dir/build.make:76: CMakeFiles/rf24_transceiver_node.dir/src/rf24_transceiver_node.cpp.o] Error 1
[0.560s] gmake[1]: *** [CMakeFiles/Makefile2:137: CMakeFiles/rf24_transceiver_node.dir/all] Error 2
[0.560s] gmake: *** [Makefile:146: all] Error 2
[0.563s] Invoked command in '/home/chris/Workspaces/quadcopter_ws/build/rf24_transceiver' returned '2': CMAKE_PREFIX_PATH=${CMAKE_PREFIX_PATH}:/opt/ros/jazzy DEBUGINFOD_URLS=https://debuginfod.ubuntu.com /usr/bin/cmake --build /home/chris/Workspaces/quadcopter_ws/build/rf24_transceiver -- -j12 -l12
