[0.009s] Invoking command in '/home/chris/Workspaces/quadcopter_ws/build/rf24_transceiver': CMAKE_PREFIX_PATH=${CMAKE_PREFIX_PATH}:/opt/ros/jazzy DEBUGINFOD_URLS=https://debuginfod.ubuntu.com /usr/bin/cmake --build /home/chris/Workspaces/quadcopter_ws/build/rf24_transceiver -- -j12 -l12
[0.065s] [ 50%] [32mBuilding CXX object CMakeFiles/rf24_transceiver_node.dir/src/rf24_transceiver_node.cpp.o[0m
[1.667s] In file included from [01m[K/home/chris/Workspaces/quadcopter_ws/src/rf24_transceiver/src/rf24_transceiver_node.cpp:1[m[K:
[1.667s] [01m[K/home/chris/Workspaces/quadcopter_ws/src/rf24_transceiver/include/rf24_transceiver/rf24_transceiver_node.hpp:38:15:[m[K [01;31m[Kerror: [m[K‘[01m[KSubscriber[m[K’ in namespace ‘[01m[Krclcpp[m[K’ does not name a template type
[1.667s]    38 |       rclcpp::[01;31m[KSubscriber[m[K<std_msgs::msg::String>::SharedPtr command_subscriber_;
[1.667s]       |               [01;31m[K^~~~~~~~~~[m[K
[1.675s] [01m[K/home/chris/Workspaces/quadcopter_ws/src/rf24_transceiver/src/rf24_transceiver_node.cpp:[m[K In constructor ‘[01m[Krf24_transceiver::RF24Transceiver::[01;32m[KRF24Transceiver[m[K()[m[K’:
[1.675s] [01m[K/home/chris/Workspaces/quadcopter_ws/src/rf24_transceiver/src/rf24_transceiver_node.cpp:13:5:[m[K [01;31m[Kerror: [m[K‘[01m[Kcommand_subscriber[m[K’ was not declared in this scope; did you mean ‘[01m[Kcount_subscribers[m[K’?
[1.675s]    13 |     [01;31m[Kcommand_subscriber[m[K = this->create_subscription<std_msgs::msg::String>("commands", 10,
[1.675s]       |     [01;31m[K^~~~~~~~~~~~~~~~~~[m[K
[1.675s]       |     [32m[Kcount_subscribers[m[K
[1.675s] [01m[K/home/chris/Workspaces/quadcopter_ws/src/rf24_transceiver/src/rf24_transceiver_node.cpp:14:51:[m[K [01;31m[Kerror: [m[Kno matching function for call to ‘[01m[Krf24_transceiver::RF24Transceiver::command_callback()[m[K’
[1.675s]    14 |       std::bind(&[01;31m[KRF24Transceiver::command_callback()[m[K, this, std::placeholders::_1));
[1.675s]       |                  [01;31m[K~~~~~~~~~~~~~~~~~~~~~~~~~~~~~~~~~^~[m[K
[1.675s] [01m[K/home/chris/Workspaces/quadcopter_ws/src/rf24_transceiver/include/rf24_transceiver/rf24_transceiver_node.hpp:31:12:[m[K [01;36m[Knote: [m[Kcandidate: ‘[01m[Kvoid rf24_transceiver::RF24Transceiver::[01;32m[Kcommand_callback[m[K(std_msgs::msg::String_<std::allocator<void> >::SharedPtr)[m[K’
[1.675s]    31 |       void [01;36m[Kcommand_callback[m[K(std_msgs::msg::String::SharedPtr msg);
[1.675s]       |            [01;36m[K^~~~~~~~~~~~~~~~[m[K
[1.676s] [01m[K/home/chris/Workspaces/quadcopter_ws/src/rf24_transceiver/include/rf24_transceiver/rf24_transceiver_node.hpp:31:12:[m[K [01;36m[Knote: [m[K  candidate expects 1 argument, 0 provided
[1.676s] [01m[K/home/chris/Workspaces/quadcopter_ws/src/rf24_transceiver/src/rf24_transceiver_node.cpp:22:60:[m[K [01;31m[Kerror: [m[Kexpected unqualified-id before numeric constant
[1.676s]    22 |     timer_ = this->create_wall_timer(std::chrono_literals::[01;31m[K500ms[m[K,timer_callback);
[1.676s]       |                                                            [01;31m[K^~~~~[m[K
[1.679s] [01m[K/home/chris/Workspaces/quadcopter_ws/src/rf24_transceiver/src/rf24_transceiver_node.cpp:22:66:[m[K [01;31m[Kerror: [m[K‘[01m[Ktimer_callback[m[K’ was not declared in this scope; did you mean ‘[01m[Ktime_callback[m[K’?
[1.679s]    22 |     timer_ = this->create_wall_timer(std::chrono_literals::500ms,[01;31m[Ktimer_callback[m[K);
[1.679s]       |                                                                  [01;31m[K^~~~~~~~~~~~~~[m[K
[1.679s]       |                                                                  [32m[Ktime_callback[m[K
[1.682s] [01m[K/home/chris/Workspaces/quadcopter_ws/src/rf24_transceiver/src/rf24_transceiver_node.cpp:[m[K In function ‘[01m[Kint[01;32m[K main[m[K(int, char**)[m[K’:
[1.683s] [01m[K/home/chris/Workspaces/quadcopter_ws/src/rf24_transceiver/src/rf24_transceiver_node.cpp:47:34:[m[K [01;31m[Kerror: [m[K‘[01m[KRF24Transceiver[m[K’ was not declared in this scope; did you mean ‘[01m[Krf24_transceiver::RF24Transceiver[m[K’?
[1.683s]    47 |   rclcpp::spin(std::make_shared<&[01;31m[KRF24Transceiver[m[K>());
[1.683s]       |                                  [01;31m[K^~~~~~~~~~~~~~~[m[K
[1.683s]       |                                  [32m[Krf24_transceiver::RF24Transceiver[m[K
[1.683s] [01m[K/home/chris/Workspaces/quadcopter_ws/src/rf24_transceiver/include/rf24_transceiver/rf24_transceiver_node.hpp:18:9:[m[K [01;36m[Knote: [m[K‘[01m[Krf24_transceiver::RF24Transceiver[m[K’ declared here
[1.683s]    18 |   class [01;36m[KRF24Transceiver[m[K : public rclcpp::Node {
[1.683s]       |         [01;36m[K^~~~~~~~~~~~~~~[m[K
[1.683s] [01m[K/home/chris/Workspaces/quadcopter_ws/src/rf24_transceiver/src/rf24_transceiver_node.cpp:47:50:[m[K [01;31m[Kerror: [m[Kno matching function for call to ‘[01m[Kmake_shared<<expression error> >()[m[K’
[1.683s]    47 |   rclcpp::spin([01;31m[Kstd::make_shared<&RF24Transceiver>()[m[K);
[1.683s]       |                [01;31m[K~~~~~~~~~~~~~~~~~~~~~~~~~~~~~~~~~~^~[m[K
[1.683s] In file included from [01m[K/usr/include/c++/13/memory:80[m[K,
[1.683s]                  from [01m[K/home/chris/Workspaces/quadcopter_ws/src/rf24_transceiver/include/rf24_transceiver/rf24_transceiver_node.hpp:5[m[K:
[1.683s] [01m[K/usr/include/c++/13/bits/shared_ptr.h:1005:5:[m[K [01;36m[Knote: [m[Kcandidate: ‘[01m[Ktemplate<class _Tp, class ... _Args> std::shared_ptr<typename std::enable_if<(! std::is_array< <template-parameter-1-1> >::value), _Tp>::type> std::[01;32m[Kmake_shared[m[K(_Args&& ...)[m[K’
[1.683s]  1005 |     [01;36m[Kmake_shared[m[K(_Args&&... __args)
[1.683s]       |     [01;36m[K^~~~~~~~~~~[m[K
[1.683s] [01m[K/usr/include/c++/13/bits/shared_ptr.h:1005:5:[m[K [01;36m[Knote: [m[K  template argument deduction/substitution failed:
[1.683s] [01m[K/home/chris/Workspaces/quadcopter_ws/src/rf24_transceiver/src/rf24_transceiver_node.cpp:47:50:[m[K [01;31m[Kerror: [m[Ktemplate argument 1 is invalid
[1.684s]    47 |   rclcpp::spin([01;31m[Kstd::make_shared<&RF24Transceiver>()[m[K);
[1.684s]       |                [01;31m[K~~~~~~~~~~~~~~~~~~~~~~~~~~~~~~~~~~^~[m[K
[2.389s] gmake[2]: *** [CMakeFiles/rf24_transceiver_node.dir/build.make:76: CMakeFiles/rf24_transceiver_node.dir/src/rf24_transceiver_node.cpp.o] Error 1
[2.389s] gmake[1]: *** [CMakeFiles/Makefile2:137: CMakeFiles/rf24_transceiver_node.dir/all] Error 2
[2.389s] gmake: *** [Makefile:146: all] Error 2
[2.391s] Invoked command in '/home/chris/Workspaces/quadcopter_ws/build/rf24_transceiver' returned '2': CMAKE_PREFIX_PATH=${CMAKE_PREFIX_PATH}:/opt/ros/jazzy DEBUGINFOD_URLS=https://debuginfod.ubuntu.com /usr/bin/cmake --build /home/chris/Workspaces/quadcopter_ws/build/rf24_transceiver -- -j12 -l12
