[0.009s] Invoking command in '/home/chris/Workspaces/quadcopter_ws/build/rf24_transceiver': CMAKE_PREFIX_PATH=${CMAKE_PREFIX_PATH}:/opt/ros/jazzy DEBUGINFOD_URLS=https://debuginfod.ubuntu.com /usr/bin/cmake --build /home/chris/Workspaces/quadcopter_ws/build/rf24_transceiver -- -j12 -l12
[0.054s] [ 50%] [32mBuilding CXX object CMakeFiles/rf24_transceiver_node.dir/src/rf24_transceiver_node.cpp.o[0m
[1.737s] In file included from [01m[K/home/chris/Workspaces/quadcopter_ws/src/rf24_transceiver/src/rf24_transceiver_node.cpp:1[m[K:
[1.737s] [01m[K/home/chris/Workspaces/quadcopter_ws/src/rf24_transceiver/include/rf24_transceiver/rf24_transceiver_node.hpp:38:15:[m[K [01;31m[Kerror: [m[K‘[01m[KSubscriber[m[K’ in namespace ‘[01m[Krclcpp[m[K’ does not name a template type
[1.737s]    38 |       rclcpp::[01;31m[KSubscriber[m[K<std_msgs::msg::String>::SharedPtr command_subscriber_;
[1.737s]       |               [01;31m[K^~~~~~~~~~[m[K
[1.737s] [01m[K/home/chris/Workspaces/quadcopter_ws/src/rf24_transceiver/include/rf24_transceiver/rf24_transceiver_node.hpp:43:2:[m[K [01;31m[Kerror: [m[Kexpected ‘[01m[K;[m[K’ after class definition
[1.737s]    43 | }[01;31m[K [m[K// namespace rf24_tranceiver
[1.737s]       |  [01;31m[K^[m[K
[1.737s]       |  [32m[K;[m[K
[1.738s] [01m[K/home/chris/Workspaces/quadcopter_ws/src/rf24_transceiver/src/rf24_transceiver_node.cpp:5:34:[m[K [01;31m[Kerror: [m[Kdefinition of ‘[01m[Krf24_transceiver::RF24Transceiver::[01;32m[KRF24Transceiver[m[K()[m[K’ is not in namespace enclosing ‘[01m[Krf24_transceiver::RF24Transceiver[m[K’ [[01;31m[K]8;;https://gcc.gnu.org/onlinedocs/gcc/Warning-Options.html#index-fpermissive-fpermissive]8;;[m[K]
[1.738s]     5 | RF24Transceiver::RF24Transceiver([01;31m[K)[m[K
[1.738s]       |                                  [01;31m[K^[m[K
[1.738s] [01m[K/home/chris/Workspaces/quadcopter_ws/src/rf24_transceiver/src/rf24_transceiver_node.cpp:5:1:[m[K [01;31m[Kerror: [m[Kno declaration matches ‘[01m[Krf24_transceiver::RF24Transceiver::[01;32m[KRF24Transceiver[m[K()[m[K’
[1.738s]     5 | [01;31m[KRF24Transceiver[m[K::RF24Transceiver()
[1.738s]       | [01;31m[K^~~~~~~~~~~~~~~[m[K
[1.738s] [01m[K/home/chris/Workspaces/quadcopter_ws/src/rf24_transceiver/include/rf24_transceiver/rf24_transceiver_node.hpp:18:9:[m[K [01;36m[Knote: [m[Kcandidates are: ‘[01m[Krf24_transceiver::RF24Transceiver::[01;32m[KRF24Transceiver[m[K(rf24_transceiver::RF24Transceiver&&)[m[K’
[1.738s]    18 |   class [01;36m[KRF24Transceiver[m[K : public rclcpp::Node {
[1.738s]       |         [01;36m[K^~~~~~~~~~~~~~~[m[K
[1.738s] [01m[K/home/chris/Workspaces/quadcopter_ws/src/rf24_transceiver/include/rf24_transceiver/rf24_transceiver_node.hpp:18:9:[m[K [01;36m[Knote: [m[K                ‘[01m[Krf24_transceiver::RF24Transceiver::[01;32m[KRF24Transceiver[m[K(const rf24_transceiver::RF24Transceiver&)[m[K’
[1.738s] [01m[K/home/chris/Workspaces/quadcopter_ws/src/rf24_transceiver/include/rf24_transceiver/rf24_transceiver_node.hpp:21:16:[m[K [01;36m[Knote: [m[K                ‘[01m[Krf24_transceiver::RF24Transceiver::[01;32m[KRF24Transceiver[m[K(const rclcpp::NodeOptions&)[m[K’
[1.738s]    21 |       explicit [01;36m[KRF24Transceiver[m[K(const rclcpp::NodeOptions &options = rclcpp::NodeOptions());
[1.738s]       |                [01;36m[K^~~~~~~~~~~~~~~[m[K
[1.738s] [01m[K/home/chris/Workspaces/quadcopter_ws/src/rf24_transceiver/include/rf24_transceiver/rf24_transceiver_node.hpp:18:9:[m[K [01;36m[Knote: [m[K‘[01m[Kclass rf24_transceiver::RF24Transceiver[m[K’ defined here
[1.738s]    18 |   class [01;36m[KRF24Transceiver[m[K : public rclcpp::Node {
[1.738s]       |         [01;36m[K^~~~~~~~~~~~~~~[m[K
[1.738s] [01m[K/home/chris/Workspaces/quadcopter_ws/src/rf24_transceiver/src/rf24_transceiver_node.cpp:31:82:[m[K [01;31m[Kerror: [m[Kdefinition of ‘[01m[Kvoid rf24_transceiver::RF24Transceiver::[01;32m[Kcommand_callback[m[K(std_msgs::msg::String_<std::allocator<void> >::SharedPtr)[m[K’ is not in namespace enclosing ‘[01m[Krf24_transceiver::RF24Transceiver[m[K’ [[01;31m[K]8;;https://gcc.gnu.org/onlinedocs/gcc/Warning-Options.html#index-fpermissive-fpermissive]8;;[m[K]
[1.739s]    31 | void RF24Transceiver::command_callback(const std_msgs::msg::String::SharedPtr msg[01;31m[K)[m[K {
[1.739s]       |                                                                                  [01;31m[K^[m[K
[1.741s] [01m[K/home/chris/Workspaces/quadcopter_ws/src/rf24_transceiver/src/rf24_transceiver_node.cpp:50:2:[m[K [01;31m[Kerror: [m[Kexpected ‘[01m[K}[m[K’ at end of input
[1.741s]    50 | }
[1.741s]       |  [01;31m[K^[m[K
[1.741s] [01m[K/home/chris/Workspaces/quadcopter_ws/src/rf24_transceiver/include/rf24_transceiver/rf24_transceiver_node.hpp:17:28:[m[K [01;36m[Knote: [m[Kto match this ‘[01m[K{[m[K’
[1.741s]    17 | namespace rf24_transceiver [01;36m[K{[m[K
[1.741s]       |                            [01;36m[K^[m[K
[2.254s] gmake[2]: *** [CMakeFiles/rf24_transceiver_node.dir/build.make:76: CMakeFiles/rf24_transceiver_node.dir/src/rf24_transceiver_node.cpp.o] Error 1
[2.254s] gmake[1]: *** [CMakeFiles/Makefile2:137: CMakeFiles/rf24_transceiver_node.dir/all] Error 2
[2.254s] gmake: *** [Makefile:146: all] Error 2
[2.256s] Invoked command in '/home/chris/Workspaces/quadcopter_ws/build/rf24_transceiver' returned '2': CMAKE_PREFIX_PATH=${CMAKE_PREFIX_PATH}:/opt/ros/jazzy DEBUGINFOD_URLS=https://debuginfod.ubuntu.com /usr/bin/cmake --build /home/chris/Workspaces/quadcopter_ws/build/rf24_transceiver -- -j12 -l12
